{
  "stats": {
    "suites": 4,
    "tests": 38,
    "passes": 38,
    "pending": 0,
    "failures": 0,
    "testsRegistered": 38,
    "passPercent": 100,
    "pendingPercent": 0,
    "other": 0,
    "hasOther": false,
    "skipped": 0,
    "hasSkipped": false,
    "start": "2025-10-01T11:44:51.768Z",
    "end": "2025-10-01T11:45:07.289Z",
    "duration": 15521
  },
  "results": [
    {
      "uuid": "b36ab063-70a4-4b4f-b466-339c3c08baee",
      "title": "",
      "fullFile": "cypress\\e2e\\specs\\buyCoffeeCartPage.cy.js",
      "file": "cypress\\e2e\\specs\\buyCoffeeCartPage.cy.js",
      "beforeHooks": [],
      "afterHooks": [],
      "tests": [],
      "suites": [
        {
          "uuid": "b4bda684-1a16-4683-a9ea-c9f69bf3e878",
          "title": "Buy Coffee Cart Page",
          "fullFile": "",
          "file": "",
          "beforeHooks": [],
          "afterHooks": [],
          "tests": [
            {
              "title": "Verify that there is no total before items have been added to cart",
              "fullTitle": "Buy Coffee Cart Page Verify that there is no total before items have been added to cart",
              "timedOut": null,
              "duration": 732,
              "state": "passed",
              "speed": "fast",
              "pass": true,
              "fail": false,
              "pending": false,
              "context": null,
              "code": "_productPage.productPageObject.hoverTotalBar();\n_productPage.productPageObject.cartItems().should('not.exist');",
              "err": {},
              "uuid": "e999c72a-bda6-442d-b1a6-1e6b9ee1ed24",
              "parentUUID": "b4bda684-1a16-4683-a9ea-c9f69bf3e878",
              "isHook": false,
              "skipped": false
            },
            {
              "title": "Verify that user can click Cappucino Coffee",
              "fullTitle": "Buy Coffee Cart Page Verify that user can click Cappucino Coffee",
              "timedOut": null,
              "duration": 331,
              "state": "passed",
              "speed": "fast",
              "pass": true,
              "fail": false,
              "pending": false,
              "context": null,
              "code": "_productPage.productPageObject.clickCappuccinoCoffee();\n_productPage.productPageObject.clickCappuccinoCoffee();\n_productPage.productPageObject.hoverTotalBar();\n_productPage.productPageObject.cartItems().should('contain.text', 'Cappuccino x 2+-');",
              "err": {},
              "uuid": "ab273284-e915-4395-bf80-220df9682f2c",
              "parentUUID": "b4bda684-1a16-4683-a9ea-c9f69bf3e878",
              "isHook": false,
              "skipped": false
            },
            {
              "title": "Verify that user can click Mocha Coffee",
              "fullTitle": "Buy Coffee Cart Page Verify that user can click Mocha Coffee",
              "timedOut": null,
              "duration": 143,
              "state": "passed",
              "speed": "fast",
              "pass": true,
              "fail": false,
              "pending": false,
              "context": null,
              "code": "_productPage.productPageObject.clickMochaCoffee();\n_productPage.productPageObject.hoverTotalBar();\n_productPage.productPageObject.cartItems().should('contain.text', 'Mocha x 1+-');",
              "err": {},
              "uuid": "078fd050-981c-4be5-89ee-6e960ee6317f",
              "parentUUID": "b4bda684-1a16-4683-a9ea-c9f69bf3e878",
              "isHook": false,
              "skipped": false
            },
            {
              "title": "Verify that user can click Espresso Con Panna Coffee",
              "fullTitle": "Buy Coffee Cart Page Verify that user can click Espresso Con Panna Coffee",
              "timedOut": null,
              "duration": 141,
              "state": "passed",
              "speed": "fast",
              "pass": true,
              "fail": false,
              "pending": false,
              "context": null,
              "code": "_productPage.productPageObject.clickEspressoConPannaCoffee();\n_productPage.productPageObject.hoverTotalBar();\n_productPage.productPageObject.cartItems().should('contain.text', 'Espresso Con Panna x 1+-');",
              "err": {},
              "uuid": "2e15c0b3-a462-471c-89a9-9dee9190d090",
              "parentUUID": "b4bda684-1a16-4683-a9ea-c9f69bf3e878",
              "isHook": false,
              "skipped": false
            },
            {
              "title": "Verify that Cart and Total Info is correct",
              "fullTitle": "Buy Coffee Cart Page Verify that Cart and Total Info is correct",
              "timedOut": null,
              "duration": 20,
              "state": "passed",
              "speed": "fast",
              "pass": true,
              "fail": false,
              "pending": false,
              "context": null,
              "code": "_navigationControl.navigationControlObject.cartTab().should('contain.text', '4');\n_productPage.productPageObject.totalBar().should('contain.text', '60');",
              "err": {},
              "uuid": "c0a7d282-f51b-4b3d-ab52-04012769a614",
              "parentUUID": "b4bda684-1a16-4683-a9ea-c9f69bf3e878",
              "isHook": false,
              "skipped": false
            },
            {
              "title": "Verify that user can navigate to Cart Page",
              "fullTitle": "Buy Coffee Cart Page Verify that user can navigate to Cart Page",
              "timedOut": null,
              "duration": 119,
              "state": "passed",
              "speed": "fast",
              "pass": true,
              "fail": false,
              "pending": false,
              "context": null,
              "code": "_navigationControl.navigationControlObject.clickCartTab();\n_cartPage.cartPageObject.payButton().should('be.visible');\n_cartPage.cartPageObject.payButton().should('contain.text', '60');",
              "err": {},
              "uuid": "3616363f-885e-4584-8958-3bb888f8711b",
              "parentUUID": "b4bda684-1a16-4683-a9ea-c9f69bf3e878",
              "isHook": false,
              "skipped": false
            },
            {
              "title": "Verify that Cart Page Information is correct",
              "fullTitle": "Buy Coffee Cart Page Verify that Cart Page Information is correct",
              "timedOut": null,
              "duration": 30,
              "state": "passed",
              "speed": "fast",
              "pass": true,
              "fail": false,
              "pending": false,
              "context": null,
              "code": "//Cappuccino\n_cartPage.cartPageObject.cappuccinoItem().should('contain.text', 'Cappuccino');\n_cartPage.cartPageObject.cappuccinoUnit().should('contain.text', '$19.00 x 2');\n_cartPage.cartPageObject.cappuccinoTotal().should('contain.text', '$38.00');\n//Espresso Con Panna\n_cartPage.cartPageObject.espressoConPannaItem().should('contain.text', 'Espresso Con Panna');\n_cartPage.cartPageObject.espressoConPannaUnit().should('contain.text', '$14.00 x 1');\n_cartPage.cartPageObject.espressoConPannaTotal().should('contain.text', '$14.00');\n//Mocha\n_cartPage.cartPageObject.mochaItem().should('contain.text', 'Mocha');\n_cartPage.cartPageObject.mochaUnit().should('contain.text', '$8.00 x 1');\n_cartPage.cartPageObject.mochaTotal().should('contain.text', '$8.00');",
              "err": {},
              "uuid": "40b2703d-c28d-477b-8144-3cb54a40872b",
              "parentUUID": "b4bda684-1a16-4683-a9ea-c9f69bf3e878",
              "isHook": false,
              "skipped": false
            },
            {
              "title": "Verify that user can remove one cart item on Cart Page",
              "fullTitle": "Buy Coffee Cart Page Verify that user can remove one cart item on Cart Page",
              "timedOut": null,
              "duration": 102,
              "state": "passed",
              "speed": "fast",
              "pass": true,
              "fail": false,
              "pending": false,
              "context": null,
              "code": "_cartPage.cartPageObject.clickRemoveOneCappuccinoButton();\n_cartPage.cartPageObject.cappuccinoUnit().should('contain.text', '$19.00 x 1');\n_cartPage.cartPageObject.cappuccinoTotal().should('contain.text', '$19.00');",
              "err": {},
              "uuid": "bbdee472-7fb1-4656-adcb-0739d89296f3",
              "parentUUID": "b4bda684-1a16-4683-a9ea-c9f69bf3e878",
              "isHook": false,
              "skipped": false
            },
            {
              "title": "Verify that user can add one cart item on Cart Page",
              "fullTitle": "Buy Coffee Cart Page Verify that user can add one cart item on Cart Page",
              "timedOut": null,
              "duration": 105,
              "state": "passed",
              "speed": "fast",
              "pass": true,
              "fail": false,
              "pending": false,
              "context": null,
              "code": "_cartPage.cartPageObject.clickAddOneMochaButton();\n_cartPage.cartPageObject.mochaUnit().should('contain.text', '$8.00 x 2');\n_cartPage.cartPageObject.mochaTotal().should('contain.text', '$16.00');",
              "err": {},
              "uuid": "ca7b1b17-b6d8-462d-a22a-4540a7ff710a",
              "parentUUID": "b4bda684-1a16-4683-a9ea-c9f69bf3e878",
              "isHook": false,
              "skipped": false
            },
            {
              "title": "Verify that user can remove Cart Items on Cart Page",
              "fullTitle": "Buy Coffee Cart Page Verify that user can remove Cart Items on Cart Page",
              "timedOut": null,
              "duration": 101,
              "state": "passed",
              "speed": "fast",
              "pass": true,
              "fail": false,
              "pending": false,
              "context": null,
              "code": "_cartPage.cartPageObject.clickRemoveEspressoConPannaButton();\n_cartPage.cartPageObject.espressoConPannaUnit().should('not.exist');\n_cartPage.cartPageObject.espressoConPannaTotal().should('not.exist');",
              "err": {},
              "uuid": "a3923095-1b21-464f-b312-a6b3c213a9ea",
              "parentUUID": "b4bda684-1a16-4683-a9ea-c9f69bf3e878",
              "isHook": false,
              "skipped": false
            },
            {
              "title": "Verify that Cart Page and Total Information is correct",
              "fullTitle": "Buy Coffee Cart Page Verify that Cart Page and Total Information is correct",
              "timedOut": null,
              "duration": 38,
              "state": "passed",
              "speed": "fast",
              "pass": true,
              "fail": false,
              "pending": false,
              "context": null,
              "code": "//Cart total\n_navigationControl.navigationControlObject.cartTab().should('contain.text', '3');\n_productPage.productPageObject.totalBar().should('contain.text', '35');\n//Cappuccino\n_cartPage.cartPageObject.cappuccinoItem().should('contain.text', 'Cappuccino');\n_cartPage.cartPageObject.cappuccinoUnit().should('contain.text', '$19.00 x 1');\n_cartPage.cartPageObject.cappuccinoTotal().should('contain.text', '$19.00');\n//Mocha\n_cartPage.cartPageObject.mochaItem().should('contain.text', 'Mocha');\n_cartPage.cartPageObject.mochaUnit().should('contain.text', '$8.00 x 2');\n_cartPage.cartPageObject.mochaTotal().should('contain.text', '$16.00');",
              "err": {},
              "uuid": "20cefa57-e8ba-4eb2-a8b4-dbfcdcb299f3",
              "parentUUID": "b4bda684-1a16-4683-a9ea-c9f69bf3e878",
              "isHook": false,
              "skipped": false
            },
            {
              "title": "Verify that user can open and close Payment Details",
              "fullTitle": "Buy Coffee Cart Page Verify that user can open and close Payment Details",
              "timedOut": null,
              "duration": 179,
              "state": "passed",
              "speed": "fast",
              "pass": true,
              "fail": false,
              "pending": false,
              "context": null,
              "code": "_cartPage.cartPageObject.clickTotalBar();\n_cartPage.cartPageObject.clickCloseButton();",
              "err": {},
              "uuid": "c6d2bbc4-eefd-410b-93a8-8786baa22253",
              "parentUUID": "b4bda684-1a16-4683-a9ea-c9f69bf3e878",
              "isHook": false,
              "skipped": false
            },
            {
              "title": "Verify that user can fill payment details",
              "fullTitle": "Buy Coffee Cart Page Verify that user can fill payment details",
              "timedOut": null,
              "duration": 825,
              "state": "passed",
              "speed": "fast",
              "pass": true,
              "fail": false,
              "pending": false,
              "context": null,
              "code": "_cartPage.cartPageObject.clickTotalBar();\n_cartPage.cartPageObject.enterName(\"Coffee Enjoyer\");\n_cartPage.cartPageObject.enterEmail(\"coffee@enjoyer.com\");\n_cartPage.cartPageObject.clickReceiveOrderUpdatesCheckbox();",
              "err": {},
              "uuid": "27de78aa-3d54-4d2b-9623-fc013b0c8f2b",
              "parentUUID": "b4bda684-1a16-4683-a9ea-c9f69bf3e878",
              "isHook": false,
              "skipped": false
            },
            {
              "title": "Verify that user can submit and purchase Coffee Successfully",
              "fullTitle": "Buy Coffee Cart Page Verify that user can submit and purchase Coffee Successfully",
              "timedOut": null,
              "duration": 604,
              "state": "passed",
              "speed": "fast",
              "pass": true,
              "fail": false,
              "pending": false,
              "context": null,
              "code": "_cartPage.cartPageObject.clickSubmitButton();\n_cartPage.cartPageObject.purchaseSuccessfulBanner().should('be.visible');",
              "err": {},
              "uuid": "03606fd6-1f67-4a67-9558-7dc33a1d0e02",
              "parentUUID": "b4bda684-1a16-4683-a9ea-c9f69bf3e878",
              "isHook": false,
              "skipped": false
            }
          ],
          "suites": [],
          "passes": [
            "e999c72a-bda6-442d-b1a6-1e6b9ee1ed24",
            "ab273284-e915-4395-bf80-220df9682f2c",
            "078fd050-981c-4be5-89ee-6e960ee6317f",
            "2e15c0b3-a462-471c-89a9-9dee9190d090",
            "c0a7d282-f51b-4b3d-ab52-04012769a614",
            "3616363f-885e-4584-8958-3bb888f8711b",
            "40b2703d-c28d-477b-8144-3cb54a40872b",
            "bbdee472-7fb1-4656-adcb-0739d89296f3",
            "ca7b1b17-b6d8-462d-a22a-4540a7ff710a",
            "a3923095-1b21-464f-b312-a6b3c213a9ea",
            "20cefa57-e8ba-4eb2-a8b4-dbfcdcb299f3",
            "c6d2bbc4-eefd-410b-93a8-8786baa22253",
            "27de78aa-3d54-4d2b-9623-fc013b0c8f2b",
            "03606fd6-1f67-4a67-9558-7dc33a1d0e02"
          ],
          "failures": [],
          "pending": [],
          "skipped": [],
          "duration": 3470,
          "root": false,
          "rootEmpty": false,
          "_timeout": 2000
        }
      ],
      "passes": [],
      "failures": [],
      "pending": [],
      "skipped": [],
      "duration": 0,
      "root": true,
      "rootEmpty": true,
      "_timeout": 2000
    },
    {
      "uuid": "454f26b3-c41a-41ee-ba3f-ae2008769c12",
      "title": "",
      "fullFile": "cypress\\e2e\\specs\\extraMochafor$4.cy.js",
      "file": "cypress\\e2e\\specs\\extraMochafor$4.cy.js",
      "beforeHooks": [],
      "afterHooks": [],
      "tests": [],
      "suites": [
        {
          "uuid": "d586325a-4766-46b0-b191-19566bb2cb07",
          "title": "Get the Extra Mocha Coffee for $4",
          "fullFile": "",
          "file": "",
          "beforeHooks": [],
          "afterHooks": [],
          "tests": [
            {
              "title": "Verify that there is no total before items have been added to cart",
              "fullTitle": "Get the Extra Mocha Coffee for $4 Verify that there is no total before items have been added to cart",
              "timedOut": null,
              "duration": 631,
              "state": "passed",
              "speed": "fast",
              "pass": true,
              "fail": false,
              "pending": false,
              "context": null,
              "code": "_productPage.productPageObject.hoverTotalBar();\n_productPage.productPageObject.cartItems().should('not.exist');",
              "err": {},
              "uuid": "c7fd3bff-1a7c-4027-a9ad-48924e9fea72",
              "parentUUID": "d586325a-4766-46b0-b191-19566bb2cb07",
              "isHook": false,
              "skipped": false
            },
            {
              "title": "Verify that user can click Espresso Macchiato Coffee",
              "fullTitle": "Get the Extra Mocha Coffee for $4 Verify that user can click Espresso Macchiato Coffee",
              "timedOut": null,
              "duration": 240,
              "state": "passed",
              "speed": "fast",
              "pass": true,
              "fail": false,
              "pending": false,
              "context": null,
              "code": "_productPage.productPageObject.clickEspressoMacchiatoCoffee();\n_productPage.productPageObject.hoverTotalBar();\n_productPage.productPageObject.cartItems().should('contain.text', 'Espresso Macchiato x 1+-');",
              "err": {},
              "uuid": "1bb96e4f-f214-4568-ac76-56a9f3ab06d2",
              "parentUUID": "d586325a-4766-46b0-b191-19566bb2cb07",
              "isHook": false,
              "skipped": false
            },
            {
              "title": "Verify that user can click Americano Coffee",
              "fullTitle": "Get the Extra Mocha Coffee for $4 Verify that user can click Americano Coffee",
              "timedOut": null,
              "duration": 129,
              "state": "passed",
              "speed": "fast",
              "pass": true,
              "fail": false,
              "pending": false,
              "context": null,
              "code": "_productPage.productPageObject.clickAmericanoCoffee();\n_productPage.productPageObject.hoverTotalBar();\n_productPage.productPageObject.cartItems().should('contain.text', 'Americano x 1+-');",
              "err": {},
              "uuid": "bf60de6b-a730-44d9-8797-b5e5c537f06a",
              "parentUUID": "d586325a-4766-46b0-b191-19566bb2cb07",
              "isHook": false,
              "skipped": false
            },
            {
              "title": "Verify that user can click Cafe Latte Coffee",
              "fullTitle": "Get the Extra Mocha Coffee for $4 Verify that user can click Cafe Latte Coffee",
              "timedOut": null,
              "duration": 125,
              "state": "passed",
              "speed": "fast",
              "pass": true,
              "fail": false,
              "pending": false,
              "context": null,
              "code": "_productPage.productPageObject.clickCafeLatteCoffee();\n_productPage.productPageObject.hoverTotalBar();\n_productPage.productPageObject.cartItems().should('contain.text', 'Cafe Latte x 1+-');",
              "err": {},
              "uuid": "08e1a354-c422-4eaf-baf6-ddf6a576b7af",
              "parentUUID": "d586325a-4766-46b0-b191-19566bb2cb07",
              "isHook": false,
              "skipped": false
            },
            {
              "title": "Verify that Cart and Total Info is correct",
              "fullTitle": "Get the Extra Mocha Coffee for $4 Verify that Cart and Total Info is correct",
              "timedOut": null,
              "duration": 37,
              "state": "passed",
              "speed": "fast",
              "pass": true,
              "fail": false,
              "pending": false,
              "context": null,
              "code": "_navigationControl.navigationControlObject.cartTab().should('contain.text', '3');\n_productPage.productPageObject.totalBar().should('contain.text', '35');",
              "err": {},
              "uuid": "2fa853ea-63db-453b-8442-9242fb8ba25e",
              "parentUUID": "d586325a-4766-46b0-b191-19566bb2cb07",
              "isHook": false,
              "skipped": false
            },
            {
              "title": "Verify that user can skip Extra Mocha Promo",
              "fullTitle": "Get the Extra Mocha Coffee for $4 Verify that user can skip Extra Mocha Promo",
              "timedOut": null,
              "duration": 107,
              "state": "passed",
              "speed": "fast",
              "pass": true,
              "fail": false,
              "pending": false,
              "context": null,
              "code": "_productPage.productPageObject.clickNahDiscountedMocha();\n_productPage.productPageObject.cartItems().should('not.contain.text', '(Discounted) Mocha x 1+-');",
              "err": {},
              "uuid": "ee47cdbc-be28-4a60-8a84-87c5838d6cca",
              "parentUUID": "d586325a-4766-46b0-b191-19566bb2cb07",
              "isHook": false,
              "skipped": false
            },
            {
              "title": "Verify that user can add three more Coffees to prompt promo",
              "fullTitle": "Get the Extra Mocha Coffee for $4 Verify that user can add three more Coffees to prompt promo",
              "timedOut": null,
              "duration": 253,
              "state": "passed",
              "speed": "fast",
              "pass": true,
              "fail": false,
              "pending": false,
              "context": null,
              "code": "_productPage.productPageObject.clickEspressoCoffee();\n_productPage.productPageObject.clickFlatWhiteCoffee();\n_productPage.productPageObject.clickCafeBreveCoffee();",
              "err": {},
              "uuid": "beb23160-268c-4672-aed6-9c87f71a048b",
              "parentUUID": "d586325a-4766-46b0-b191-19566bb2cb07",
              "isHook": false,
              "skipped": false
            },
            {
              "title": "Verify that Cart and Total Info is correct",
              "fullTitle": "Get the Extra Mocha Coffee for $4 Verify that Cart and Total Info is correct",
              "timedOut": null,
              "duration": 23,
              "state": "passed",
              "speed": "fast",
              "pass": true,
              "fail": false,
              "pending": false,
              "context": null,
              "code": "_navigationControl.navigationControlObject.cartTab().should('contain.text', '6');\n_productPage.productPageObject.totalBar().should('contain.text', '78');",
              "err": {},
              "uuid": "522ee258-7190-4177-9cc9-06ae4f965ec1",
              "parentUUID": "d586325a-4766-46b0-b191-19566bb2cb07",
              "isHook": false,
              "skipped": false
            },
            {
              "title": "Verify that user can accept Extra Mocha Promo",
              "fullTitle": "Get the Extra Mocha Coffee for $4 Verify that user can accept Extra Mocha Promo",
              "timedOut": null,
              "duration": 428,
              "state": "passed",
              "speed": "fast",
              "pass": true,
              "fail": false,
              "pending": false,
              "context": null,
              "code": "_productPage.productPageObject.clickYesDiscountedMocha();\n_productPage.productPageObject.cartItems().should('contain.text', '(Discounted) Mocha x 1+-');",
              "err": {},
              "uuid": "ab07a38e-25e0-4a0c-8054-ee919afeaac4",
              "parentUUID": "d586325a-4766-46b0-b191-19566bb2cb07",
              "isHook": false,
              "skipped": false
            },
            {
              "title": "Verify that Cart and Total Info is correct",
              "fullTitle": "Get the Extra Mocha Coffee for $4 Verify that Cart and Total Info is correct",
              "timedOut": null,
              "duration": 15,
              "state": "passed",
              "speed": "fast",
              "pass": true,
              "fail": false,
              "pending": false,
              "context": null,
              "code": "_navigationControl.navigationControlObject.cartTab().should('contain.text', '7');\n_productPage.productPageObject.totalBar().should('contain.text', '82');",
              "err": {},
              "uuid": "3c127a83-1c27-4b63-8b0f-72503ad8f58b",
              "parentUUID": "d586325a-4766-46b0-b191-19566bb2cb07",
              "isHook": false,
              "skipped": false
            }
          ],
          "suites": [],
          "passes": [
            "c7fd3bff-1a7c-4027-a9ad-48924e9fea72",
            "1bb96e4f-f214-4568-ac76-56a9f3ab06d2",
            "bf60de6b-a730-44d9-8797-b5e5c537f06a",
            "08e1a354-c422-4eaf-baf6-ddf6a576b7af",
            "2fa853ea-63db-453b-8442-9242fb8ba25e",
            "ee47cdbc-be28-4a60-8a84-87c5838d6cca",
            "beb23160-268c-4672-aed6-9c87f71a048b",
            "522ee258-7190-4177-9cc9-06ae4f965ec1",
            "ab07a38e-25e0-4a0c-8054-ee919afeaac4",
            "3c127a83-1c27-4b63-8b0f-72503ad8f58b"
          ],
          "failures": [],
          "pending": [],
          "skipped": [],
          "duration": 1988,
          "root": false,
          "rootEmpty": false,
          "_timeout": 2000
        }
      ],
      "passes": [],
      "failures": [],
      "pending": [],
      "skipped": [],
      "duration": 0,
      "root": true,
      "rootEmpty": true,
      "_timeout": 2000
    },
    {
      "uuid": "3e5090ce-f946-42a3-8c6a-ca6b7d78f85b",
      "title": "",
      "fullFile": "cypress\\e2e\\specs\\gimmickFeatures.cy.js",
      "file": "cypress\\e2e\\specs\\gimmickFeatures.cy.js",
      "beforeHooks": [],
      "afterHooks": [],
      "tests": [],
      "suites": [
        {
          "uuid": "3479a2c6-15ef-49f8-8c36-38734d046aa7",
          "title": "Double Click to convert name and Right Click to Add to Cart",
          "fullFile": "",
          "file": "",
          "beforeHooks": [],
          "afterHooks": [],
          "tests": [
            {
              "title": "Verify that user can double click Coffee to convert name to Chinese",
              "fullTitle": "Double Click to convert name and Right Click to Add to Cart Verify that user can double click Coffee to convert name to Chinese",
              "timedOut": null,
              "duration": 866,
              "state": "passed",
              "speed": "fast",
              "pass": true,
              "fail": false,
              "pending": false,
              "context": null,
              "code": "_productPage.productPageObject.espressoCoffeeName().should('contain.text', 'Espresso');\n_productPage.productPageObject.doubleClickEspresso();\n_productPage.productPageObject.espressoCoffeeName().should('contain.text', '特浓咖啡');",
              "err": {},
              "uuid": "26c29230-aec8-48e7-8228-babc026f4ad7",
              "parentUUID": "3479a2c6-15ef-49f8-8c36-38734d046aa7",
              "isHook": false,
              "skipped": false
            },
            {
              "title": "Verify that user can double click Coffee to convert name back to English",
              "fullTitle": "Double Click to convert name and Right Click to Add to Cart Verify that user can double click Coffee to convert name back to English",
              "timedOut": null,
              "duration": 94,
              "state": "passed",
              "speed": "fast",
              "pass": true,
              "fail": false,
              "pending": false,
              "context": null,
              "code": "_productPage.productPageObject.doubleClickEspresso();\n_productPage.productPageObject.espressoCoffeeName().should('contain.text', 'Espresso');",
              "err": {},
              "uuid": "afbb162f-6666-40fa-93bb-0460e7e14cfe",
              "parentUUID": "3479a2c6-15ef-49f8-8c36-38734d046aa7",
              "isHook": false,
              "skipped": false
            },
            {
              "title": "Verify that user can right click and click no to add to cart",
              "fullTitle": "Double Click to convert name and Right Click to Add to Cart Verify that user can right click and click no to add to cart",
              "timedOut": null,
              "duration": 326,
              "state": "passed",
              "speed": "fast",
              "pass": true,
              "fail": false,
              "pending": false,
              "context": null,
              "code": "_productPage.productPageObject.clickCafeLatteCoffee();\n_productPage.productPageObject.rightClickEspresso();\n_productPage.productPageObject.clickNoAddToCart();\n_productPage.productPageObject.hoverTotalBar();\n_productPage.productPageObject.cartItems().should('not.contain.text', 'Espresso x 1+-');",
              "err": {},
              "uuid": "a0f5fcbe-f7c4-4962-a2af-800df645ccc4",
              "parentUUID": "3479a2c6-15ef-49f8-8c36-38734d046aa7",
              "isHook": false,
              "skipped": false
            },
            {
              "title": "Verify that user can right click and click yes to add to cart",
              "fullTitle": "Double Click to convert name and Right Click to Add to Cart Verify that user can right click and click yes to add to cart",
              "timedOut": null,
              "duration": 205,
              "state": "passed",
              "speed": "fast",
              "pass": true,
              "fail": false,
              "pending": false,
              "context": null,
              "code": "_productPage.productPageObject.rightClickFlatWhite();\n_productPage.productPageObject.clickYesAddToCart();\n_productPage.productPageObject.hoverTotalBar();\n_productPage.productPageObject.cartItems().should('contain.text', 'Flat White x 1+-');",
              "err": {},
              "uuid": "5ecd72f5-bf12-4f31-b9db-fcf3cd1c8da2",
              "parentUUID": "3479a2c6-15ef-49f8-8c36-38734d046aa7",
              "isHook": false,
              "skipped": false
            }
          ],
          "suites": [],
          "passes": [
            "26c29230-aec8-48e7-8228-babc026f4ad7",
            "afbb162f-6666-40fa-93bb-0460e7e14cfe",
            "a0f5fcbe-f7c4-4962-a2af-800df645ccc4",
            "5ecd72f5-bf12-4f31-b9db-fcf3cd1c8da2"
          ],
          "failures": [],
          "pending": [],
          "skipped": [],
          "duration": 1491,
          "root": false,
          "rootEmpty": false,
          "_timeout": 2000
        }
      ],
      "passes": [],
      "failures": [],
      "pending": [],
      "skipped": [],
      "duration": 0,
      "root": true,
      "rootEmpty": true,
      "_timeout": 2000
    },
    {
      "uuid": "31b1b57d-dad6-4599-8739-135d1818454f",
      "title": "",
      "fullFile": "cypress\\e2e\\specs\\addCoffeeToCart.cy.js",
      "file": "cypress\\e2e\\specs\\addCoffeeToCart.cy.js",
      "beforeHooks": [],
      "afterHooks": [],
      "tests": [],
      "suites": [
        {
          "uuid": "d317cfa5-6075-4898-9d6c-fdef6712fe6b",
          "title": "Add Coffee to Cart",
          "fullFile": "",
          "file": "",
          "beforeHooks": [],
          "afterHooks": [],
          "tests": [
            {
              "title": "Verify that there is no total before items have been added to cart",
              "fullTitle": "Add Coffee to Cart Verify that there is no total before items have been added to cart",
              "timedOut": null,
              "duration": 1880,
              "state": "passed",
              "speed": "fast",
              "pass": true,
              "fail": false,
              "pending": false,
              "context": null,
              "code": "_productPage.productPageObject.hoverTotalBar();\n_productPage.productPageObject.cartItems().should('not.exist');",
              "err": {},
              "uuid": "e3ce3504-091f-4eb8-9648-d767dbce86f2",
              "parentUUID": "d317cfa5-6075-4898-9d6c-fdef6712fe6b",
              "isHook": false,
              "skipped": false
            },
            {
              "title": "Verify that user can click Cappucino Coffee",
              "fullTitle": "Add Coffee to Cart Verify that user can click Cappucino Coffee",
              "timedOut": null,
              "duration": 233,
              "state": "passed",
              "speed": "fast",
              "pass": true,
              "fail": false,
              "pending": false,
              "context": null,
              "code": "_productPage.productPageObject.clickCappuccinoCoffee();\n_productPage.productPageObject.clickCappuccinoCoffee();\n_productPage.productPageObject.hoverTotalBar();\n_productPage.productPageObject.cartItems().should('contain.text', 'Cappuccino x 2+-');",
              "err": {},
              "uuid": "8e46e86b-5de7-4a97-a573-cadd25b66da8",
              "parentUUID": "d317cfa5-6075-4898-9d6c-fdef6712fe6b",
              "isHook": false,
              "skipped": false
            },
            {
              "title": "Verify that user can click Mocha Coffee",
              "fullTitle": "Add Coffee to Cart Verify that user can click Mocha Coffee",
              "timedOut": null,
              "duration": 149,
              "state": "passed",
              "speed": "fast",
              "pass": true,
              "fail": false,
              "pending": false,
              "context": null,
              "code": "_productPage.productPageObject.clickMochaCoffee();\n_productPage.productPageObject.hoverTotalBar();\n_productPage.productPageObject.cartItems().should('contain.text', 'Mocha x 1+-');",
              "err": {},
              "uuid": "b78bc08d-fc3d-4e6c-8ddb-413f6d5a6d0a",
              "parentUUID": "d317cfa5-6075-4898-9d6c-fdef6712fe6b",
              "isHook": false,
              "skipped": false
            },
            {
              "title": "Verify that user can click Espresso Con Panna Coffee",
              "fullTitle": "Add Coffee to Cart Verify that user can click Espresso Con Panna Coffee",
              "timedOut": null,
              "duration": 141,
              "state": "passed",
              "speed": "fast",
              "pass": true,
              "fail": false,
              "pending": false,
              "context": null,
              "code": "_productPage.productPageObject.clickEspressoConPannaCoffee();\n_productPage.productPageObject.hoverTotalBar();\n_productPage.productPageObject.cartItems().should('contain.text', 'Espresso Con Panna x 1+-');",
              "err": {},
              "uuid": "73000092-a754-42b3-ace0-35ab45fe2f1c",
              "parentUUID": "d317cfa5-6075-4898-9d6c-fdef6712fe6b",
              "isHook": false,
              "skipped": false
            },
            {
              "title": "Verify that Cart and Total Info is correct",
              "fullTitle": "Add Coffee to Cart Verify that Cart and Total Info is correct",
              "timedOut": null,
              "duration": 17,
              "state": "passed",
              "speed": "fast",
              "pass": true,
              "fail": false,
              "pending": false,
              "context": null,
              "code": "_navigationControl.navigationControlObject.cartTab().should('contain.text', '4');\n_productPage.productPageObject.totalBar().should('contain.text', '60');",
              "err": {},
              "uuid": "eec97654-1dc9-4c1c-8abe-d165d2c514d9",
              "parentUUID": "d317cfa5-6075-4898-9d6c-fdef6712fe6b",
              "isHook": false,
              "skipped": false
            },
            {
              "title": "Verify that user can add Espresso Con Panna from Total Bar",
              "fullTitle": "Add Coffee to Cart Verify that user can add Espresso Con Panna from Total Bar",
              "timedOut": null,
              "duration": 106,
              "state": "passed",
              "speed": "fast",
              "pass": true,
              "fail": false,
              "pending": false,
              "context": null,
              "code": "_productPage.productPageObject.addEspressoConPannaCoffee();\n_productPage.productPageObject.hoverTotalBar();\n_productPage.productPageObject.cartItems().should('contain.text', 'Espresso Con Panna x 2+-');\n_navigationControl.navigationControlObject.cartTab().should('contain.text', '5');\n_productPage.productPageObject.totalBar().should('contain.text', '74');",
              "err": {},
              "uuid": "bde7f319-b328-4d0b-afb6-6ff33381304b",
              "parentUUID": "d317cfa5-6075-4898-9d6c-fdef6712fe6b",
              "isHook": false,
              "skipped": false
            },
            {
              "title": "Verify that user can remove Cappuccino from Total Bar",
              "fullTitle": "Add Coffee to Cart Verify that user can remove Cappuccino from Total Bar",
              "timedOut": null,
              "duration": 104,
              "state": "passed",
              "speed": "fast",
              "pass": true,
              "fail": false,
              "pending": false,
              "context": null,
              "code": "_productPage.productPageObject.removeCappuccinoCoffee();\n_productPage.productPageObject.hoverTotalBar();\n_productPage.productPageObject.cartItems().should('contain.text', 'Cappuccino x 1+-');\n_navigationControl.navigationControlObject.cartTab().should('contain.text', '4');\n_productPage.productPageObject.totalBar().should('contain.text', '55');",
              "err": {},
              "uuid": "7436149f-c6b7-4e01-a9d8-1852e3d3e2df",
              "parentUUID": "d317cfa5-6075-4898-9d6c-fdef6712fe6b",
              "isHook": false,
              "skipped": false
            },
            {
              "title": "Verify that user can open and close Payment Details",
              "fullTitle": "Add Coffee to Cart Verify that user can open and close Payment Details",
              "timedOut": null,
              "duration": 173,
              "state": "passed",
              "speed": "fast",
              "pass": true,
              "fail": false,
              "pending": false,
              "context": null,
              "code": "_productPage.productPageObject.clickTotalBar();\n_productPage.productPageObject.clickCloseButton();",
              "err": {},
              "uuid": "61e1eea0-409f-4099-8786-3c02ac960007",
              "parentUUID": "d317cfa5-6075-4898-9d6c-fdef6712fe6b",
              "isHook": false,
              "skipped": false
            },
            {
              "title": "Verify that user can fill payment details",
              "fullTitle": "Add Coffee to Cart Verify that user can fill payment details",
              "timedOut": null,
              "duration": 839,
              "state": "passed",
              "speed": "fast",
              "pass": true,
              "fail": false,
              "pending": false,
              "context": null,
              "code": "_productPage.productPageObject.clickTotalBar();\n_productPage.productPageObject.enterName(\"Coffee Enjoyer\");\n_productPage.productPageObject.enterEmail(\"coffee@enjoyer.com\");\n_productPage.productPageObject.clickReceiveOrderUpdatesCheckbox();",
              "err": {},
              "uuid": "64c811ad-d1fc-4738-949f-8d14ae4599f3",
              "parentUUID": "d317cfa5-6075-4898-9d6c-fdef6712fe6b",
              "isHook": false,
              "skipped": false
            },
            {
              "title": "Verify that user can submit and purchase Coffee Successfully",
              "fullTitle": "Add Coffee to Cart Verify that user can submit and purchase Coffee Successfully",
              "timedOut": null,
              "duration": 624,
              "state": "passed",
              "speed": "fast",
              "pass": true,
              "fail": false,
              "pending": false,
              "context": null,
              "code": "_productPage.productPageObject.clickSubmitButton();\n_productPage.productPageObject.purchaseSuccessfulBanner().should('be.visible');",
              "err": {},
              "uuid": "197ae5ef-afa4-41ae-8668-9f16a6731047",
              "parentUUID": "d317cfa5-6075-4898-9d6c-fdef6712fe6b",
              "isHook": false,
              "skipped": false
            }
          ],
          "suites": [],
          "passes": [
            "e3ce3504-091f-4eb8-9648-d767dbce86f2",
            "8e46e86b-5de7-4a97-a573-cadd25b66da8",
            "b78bc08d-fc3d-4e6c-8ddb-413f6d5a6d0a",
            "73000092-a754-42b3-ace0-35ab45fe2f1c",
            "eec97654-1dc9-4c1c-8abe-d165d2c514d9",
            "bde7f319-b328-4d0b-afb6-6ff33381304b",
            "7436149f-c6b7-4e01-a9d8-1852e3d3e2df",
            "61e1eea0-409f-4099-8786-3c02ac960007",
            "64c811ad-d1fc-4738-949f-8d14ae4599f3",
            "197ae5ef-afa4-41ae-8668-9f16a6731047"
          ],
          "failures": [],
          "pending": [],
          "skipped": [],
          "duration": 4266,
          "root": false,
          "rootEmpty": false,
          "_timeout": 2000
        }
      ],
      "passes": [],
      "failures": [],
      "pending": [],
      "skipped": [],
      "duration": 0,
      "root": true,
      "rootEmpty": true,
      "_timeout": 2000
    }
  ],
  "meta": {
    "mocha": {
      "version": "7.2.0"
    },
    "mochawesome": {
      "options": {
        "quiet": false,
        "reportFilename": "mochawesome",
        "saveHtml": false,
        "saveJson": true,
        "consoleReporter": "spec",
        "useInlineDiffs": false,
        "code": true
      },
      "version": "7.1.4"
    },
    "marge": {
      "options": {
        "reportDir": "cypress/reports",
        "overwrite": false,
        "html": false,
        "json": true
      },
      "version": "6.3.0"
    }
  }
}