<?xml version="1.0" encoding="UTF-8"?>
<testsuites>
  <testsuite name="Cypress Tests" timestamp="2025-12-30T13:58:17" tests="0" file="cypress\e2e\specs\addCoffeeToCart.cy.js" package="Cypress Tests" hostname="DESKTOP-SVVH2AI" id="0" errors="0" time="0.000" failures="0">
    <properties>
    </properties>
    <system-out>
    </system-out>
    <system-err>
    </system-err>
  </testsuite>
  <testsuite name="Add Coffee to Cart" timestamp="2025-12-30T13:58:17" tests="10" package="Add Coffee to Cart" hostname="DESKTOP-SVVH2AI" id="1" errors="0" time="5.396" failures="0">
    <properties>
    </properties>
    <testcase name="Verify that there is no total before items have been added to cart" time="2.875" classname="Add Coffee to Cart Verify that there is no total before items have been added to cart">
    </testcase>
    <testcase name="Verify that user can click Cappucino Coffee" time="0.250" classname="Add Coffee to Cart Verify that user can click Cappucino Coffee">
    </testcase>
    <testcase name="Verify that user can click Mocha Coffee" time="0.140" classname="Add Coffee to Cart Verify that user can click Mocha Coffee">
    </testcase>
    <testcase name="Verify that user can click Espresso Con Panna Coffee" time="0.144" classname="Add Coffee to Cart Verify that user can click Espresso Con Panna Coffee">
    </testcase>
    <testcase name="Verify that Cart and Total Info is correct" time="0.022" classname="Add Coffee to Cart Verify that Cart and Total Info is correct">
    </testcase>
    <testcase name="Verify that user can add Espresso Con Panna from Total Bar" time="0.114" classname="Add Coffee to Cart Verify that user can add Espresso Con Panna from Total Bar">
    </testcase>
    <testcase name="Verify that user can remove Cappuccino from Total Bar" time="0.104" classname="Add Coffee to Cart Verify that user can remove Cappuccino from Total Bar">
    </testcase>
    <testcase name="Verify that user can open and close Payment Details" time="0.174" classname="Add Coffee to Cart Verify that user can open and close Payment Details">
    </testcase>
    <testcase name="Verify that user can fill payment details" time="0.809" classname="Add Coffee to Cart Verify that user can fill payment details">
    </testcase>
    <testcase name="Verify that user can submit and purchase Coffee Successfully" time="0.595" classname="Add Coffee to Cart Verify that user can submit and purchase Coffee Successfully">
    </testcase>
    <system-out>
    </system-out>
    <system-err>
    </system-err>
  </testsuite>
</testsuites>