<?xml version="1.0" encoding="UTF-8"?>
<testsuites>
  <testsuite name="Cypress Tests" timestamp="2025-12-30T12:35:47" tests="0" file="cypress\e2e\specs\gimmickFeatures.cy.js" package="Cypress Tests" hostname="DESKTOP-SVVH2AI" id="0" errors="0" time="0.000" failures="0">
    <properties>
    </properties>
    <system-out>
    </system-out>
    <system-err>
    </system-err>
  </testsuite>
  <testsuite name="Double Click to convert name and Right Click to Add to Cart" timestamp="2025-12-30T12:35:47" tests="4" package="Double Click to convert name and Right Click to Add to Cart" hostname="DESKTOP-SVVH2AI" id="1" errors="0" time="2.884" failures="0">
    <properties>
    </properties>
    <testcase name="Verify that user can double click Coffee to convert name to Chinese" time="1.824" classname="Double Click to convert name and Right Click to Add to Cart Verify that user can double click Coffee to convert name to Chinese">
    </testcase>
    <testcase name="Verify that user can double click Coffee to convert name back to English" time="0.112" classname="Double Click to convert name and Right Click to Add to Cart Verify that user can double click Coffee to convert name back to English">
    </testcase>
    <testcase name="Verify that user can right click and click no to add to cart" time="0.473" classname="Double Click to convert name and Right Click to Add to Cart Verify that user can right click and click no to add to cart">
    </testcase>
    <testcase name="Verify that user can right click and click yes to add to cart" time="0.226" classname="Double Click to convert name and Right Click to Add to Cart Verify that user can right click and click yes to add to cart">
    </testcase>
    <system-out>
    </system-out>
    <system-err>
    </system-err>
  </testsuite>
</testsuites>