<?xml version="1.0" encoding="UTF-8"?>
<testsuites>
  <testsuite name="Cypress Tests" timestamp="2025-12-30T12:35:34" tests="0" file="cypress\e2e\specs\buyCoffeeCartPage.cy.js" package="Cypress Tests" hostname="DESKTOP-SVVH2AI" id="0" errors="0" time="0.000" failures="0">
    <properties>
    </properties>
    <system-out>
    </system-out>
    <system-err>
    </system-err>
  </testsuite>
  <testsuite name="Buy Coffee Cart Page" timestamp="2025-12-30T12:35:34" tests="14" package="Buy Coffee Cart Page" hostname="DESKTOP-SVVH2AI" id="1" errors="0" time="4.479" failures="0">
    <properties>
    </properties>
    <testcase name="Verify that there is no total before items have been added to cart" time="1.324" classname="Buy Coffee Cart Page Verify that there is no total before items have been added to cart">
    </testcase>
    <testcase name="Verify that user can click Cappucino Coffee" time="0.263" classname="Buy Coffee Cart Page Verify that user can click Cappucino Coffee">
    </testcase>
    <testcase name="Verify that user can click Mocha Coffee" time="0.139" classname="Buy Coffee Cart Page Verify that user can click Mocha Coffee">
    </testcase>
    <testcase name="Verify that user can click Espresso Con Panna Coffee" time="0.124" classname="Buy Coffee Cart Page Verify that user can click Espresso Con Panna Coffee">
    </testcase>
    <testcase name="Verify that Cart and Total Info is correct" time="0.021" classname="Buy Coffee Cart Page Verify that Cart and Total Info is correct">
    </testcase>
    <testcase name="Verify that user can navigate to Cart Page" time="0.169" classname="Buy Coffee Cart Page Verify that user can navigate to Cart Page">
    </testcase>
    <testcase name="Verify that Cart Page Information is correct" time="0.123" classname="Buy Coffee Cart Page Verify that Cart Page Information is correct">
    </testcase>
    <testcase name="Verify that user can remove one cart item on Cart Page" time="0.107" classname="Buy Coffee Cart Page Verify that user can remove one cart item on Cart Page">
    </testcase>
    <testcase name="Verify that user can add one cart item on Cart Page" time="0.118" classname="Buy Coffee Cart Page Verify that user can add one cart item on Cart Page">
    </testcase>
    <testcase name="Verify that user can remove Cart Items on Cart Page" time="0.098" classname="Buy Coffee Cart Page Verify that user can remove Cart Items on Cart Page">
    </testcase>
    <testcase name="Verify that Cart Page and Total Information is correct" time="0.046" classname="Buy Coffee Cart Page Verify that Cart Page and Total Information is correct">
    </testcase>
    <testcase name="Verify that user can open and close Payment Details" time="0.193" classname="Buy Coffee Cart Page Verify that user can open and close Payment Details">
    </testcase>
    <testcase name="Verify that user can fill payment details" time="0.906" classname="Buy Coffee Cart Page Verify that user can fill payment details">
    </testcase>
    <testcase name="Verify that user can submit and purchase Coffee Successfully" time="0.592" classname="Buy Coffee Cart Page Verify that user can submit and purchase Coffee Successfully">
    </testcase>
    <system-out>
    </system-out>
    <system-err>
    </system-err>
  </testsuite>
</testsuites>