<?xml version="1.0" encoding="UTF-8"?>
<testsuites>
  <testsuite name="Cypress Tests" timestamp="2025-12-30T13:58:25" tests="0" file="cypress\e2e\specs\buyCoffeeCartPage.cy.js" package="Cypress Tests" hostname="DESKTOP-SVVH2AI" id="0" errors="0" time="0.000" failures="0">
    <properties>
    </properties>
    <system-out>
    </system-out>
    <system-err>
    </system-err>
  </testsuite>
  <testsuite name="Buy Coffee Cart Page" timestamp="2025-12-30T13:58:25" tests="14" package="Buy Coffee Cart Page" hostname="DESKTOP-SVVH2AI" id="1" errors="0" time="3.822" failures="0">
    <properties>
    </properties>
    <testcase name="Verify that there is no total before items have been added to cart" time="0.888" classname="Buy Coffee Cart Page Verify that there is no total before items have been added to cart">
    </testcase>
    <testcase name="Verify that user can click Cappucino Coffee" time="0.388" classname="Buy Coffee Cart Page Verify that user can click Cappucino Coffee">
    </testcase>
    <testcase name="Verify that user can click Mocha Coffee" time="0.131" classname="Buy Coffee Cart Page Verify that user can click Mocha Coffee">
    </testcase>
    <testcase name="Verify that user can click Espresso Con Panna Coffee" time="0.121" classname="Buy Coffee Cart Page Verify that user can click Espresso Con Panna Coffee">
    </testcase>
    <testcase name="Verify that Cart and Total Info is correct" time="0.024" classname="Buy Coffee Cart Page Verify that Cart and Total Info is correct">
    </testcase>
    <testcase name="Verify that user can navigate to Cart Page" time="0.112" classname="Buy Coffee Cart Page Verify that user can navigate to Cart Page">
    </testcase>
    <testcase name="Verify that Cart Page Information is correct" time="0.052" classname="Buy Coffee Cart Page Verify that Cart Page Information is correct">
    </testcase>
    <testcase name="Verify that user can remove one cart item on Cart Page" time="0.098" classname="Buy Coffee Cart Page Verify that user can remove one cart item on Cart Page">
    </testcase>
    <testcase name="Verify that user can add one cart item on Cart Page" time="0.097" classname="Buy Coffee Cart Page Verify that user can add one cart item on Cart Page">
    </testcase>
    <testcase name="Verify that user can remove Cart Items on Cart Page" time="0.111" classname="Buy Coffee Cart Page Verify that user can remove Cart Items on Cart Page">
    </testcase>
    <testcase name="Verify that Cart Page and Total Information is correct" time="0.049" classname="Buy Coffee Cart Page Verify that Cart Page and Total Information is correct">
    </testcase>
    <testcase name="Verify that user can open and close Payment Details" time="0.180" classname="Buy Coffee Cart Page Verify that user can open and close Payment Details">
    </testcase>
    <testcase name="Verify that user can fill payment details" time="0.775" classname="Buy Coffee Cart Page Verify that user can fill payment details">
    </testcase>
    <testcase name="Verify that user can submit and purchase Coffee Successfully" time="0.610" classname="Buy Coffee Cart Page Verify that user can submit and purchase Coffee Successfully">
    </testcase>
    <system-out>
    </system-out>
    <system-err>
    </system-err>
  </testsuite>
</testsuites>