<?xml version="1.0" encoding="UTF-8"?>
<testsuites name="Mocha Tests" time="3.111" tests="4" failures="0">
  <testsuite name="Root Suite" timestamp="2025-12-30T07:16:24" tests="0" file="cypress\e2e\specs\gimmickFeatures.cy.js" time="0.000" failures="0">
  </testsuite>
  <testsuite name="Double Click to convert name and Right Click to Add to Cart" timestamp="2025-12-30T07:16:24" tests="4" time="3.108" failures="0">
    <testcase name="Double Click to convert name and Right Click to Add to Cart Verify that user can double click Coffee to convert name to Chinese" time="2.013" classname="Verify that user can double click Coffee to convert name to Chinese">
    </testcase>
    <testcase name="Double Click to convert name and Right Click to Add to Cart Verify that user can double click Coffee to convert name back to English" time="0.119" classname="Verify that user can double click Coffee to convert name back to English">
    </testcase>
    <testcase name="Double Click to convert name and Right Click to Add to Cart Verify that user can right click and click no to add to cart" time="0.324" classname="Verify that user can right click and click no to add to cart">
    </testcase>
    <testcase name="Double Click to convert name and Right Click to Add to Cart Verify that user can right click and click yes to add to cart" time="0.219" classname="Verify that user can right click and click yes to add to cart">
    </testcase>
  </testsuite>
</testsuites>