{
  "stats": {
    "suites": 1,
    "tests": 10,
    "passes": 10,
    "pending": 0,
    "failures": 0,
    "start": "2025-10-01T11:44:51.768Z",
    "end": "2025-10-01T11:44:56.177Z",
    "duration": 4409,
    "testsRegistered": 10,
    "passPercent": 100,
    "pendingPercent": 0,
    "other": 0,
    "hasOther": false,
    "skipped": 0,
    "hasSkipped": false
  },
  "results": [
    {
      "uuid": "31b1b57d-dad6-4599-8739-135d1818454f",
      "title": "",
      "fullFile": "cypress\\e2e\\specs\\addCoffeeToCart.cy.js",
      "file": "cypress\\e2e\\specs\\addCoffeeToCart.cy.js",
      "beforeHooks": [],
      "afterHooks": [],
      "tests": [],
      "suites": [
        {
          "uuid": "d317cfa5-6075-4898-9d6c-fdef6712fe6b",
          "title": "Add Coffee to Cart",
          "fullFile": "",
          "file": "",
          "beforeHooks": [],
          "afterHooks": [],
          "tests": [
            {
              "title": "Verify that there is no total before items have been added to cart",
              "fullTitle": "Add Coffee to Cart Verify that there is no total before items have been added to cart",
              "timedOut": null,
              "duration": 1880,
              "state": "passed",
              "speed": "fast",
              "pass": true,
              "fail": false,
              "pending": false,
              "context": null,
              "code": "_productPage.productPageObject.hoverTotalBar();\n_productPage.productPageObject.cartItems().should('not.exist');",
              "err": {},
              "uuid": "e3ce3504-091f-4eb8-9648-d767dbce86f2",
              "parentUUID": "d317cfa5-6075-4898-9d6c-fdef6712fe6b",
              "isHook": false,
              "skipped": false
            },
            {
              "title": "Verify that user can click Cappucino Coffee",
              "fullTitle": "Add Coffee to Cart Verify that user can click Cappucino Coffee",
              "timedOut": null,
              "duration": 233,
              "state": "passed",
              "speed": "fast",
              "pass": true,
              "fail": false,
              "pending": false,
              "context": null,
              "code": "_productPage.productPageObject.clickCappuccinoCoffee();\n_productPage.productPageObject.clickCappuccinoCoffee();\n_productPage.productPageObject.hoverTotalBar();\n_productPage.productPageObject.cartItems().should('contain.text', 'Cappuccino x 2+-');",
              "err": {},
              "uuid": "8e46e86b-5de7-4a97-a573-cadd25b66da8",
              "parentUUID": "d317cfa5-6075-4898-9d6c-fdef6712fe6b",
              "isHook": false,
              "skipped": false
            },
            {
              "title": "Verify that user can click Mocha Coffee",
              "fullTitle": "Add Coffee to Cart Verify that user can click Mocha Coffee",
              "timedOut": null,
              "duration": 149,
              "state": "passed",
              "speed": "fast",
              "pass": true,
              "fail": false,
              "pending": false,
              "context": null,
              "code": "_productPage.productPageObject.clickMochaCoffee();\n_productPage.productPageObject.hoverTotalBar();\n_productPage.productPageObject.cartItems().should('contain.text', 'Mocha x 1+-');",
              "err": {},
              "uuid": "b78bc08d-fc3d-4e6c-8ddb-413f6d5a6d0a",
              "parentUUID": "d317cfa5-6075-4898-9d6c-fdef6712fe6b",
              "isHook": false,
              "skipped": false
            },
            {
              "title": "Verify that user can click Espresso Con Panna Coffee",
              "fullTitle": "Add Coffee to Cart Verify that user can click Espresso Con Panna Coffee",
              "timedOut": null,
              "duration": 141,
              "state": "passed",
              "speed": "fast",
              "pass": true,
              "fail": false,
              "pending": false,
              "context": null,
              "code": "_productPage.productPageObject.clickEspressoConPannaCoffee();\n_productPage.productPageObject.hoverTotalBar();\n_productPage.productPageObject.cartItems().should('contain.text', 'Espresso Con Panna x 1+-');",
              "err": {},
              "uuid": "73000092-a754-42b3-ace0-35ab45fe2f1c",
              "parentUUID": "d317cfa5-6075-4898-9d6c-fdef6712fe6b",
              "isHook": false,
              "skipped": false
            },
            {
              "title": "Verify that Cart and Total Info is correct",
              "fullTitle": "Add Coffee to Cart Verify that Cart and Total Info is correct",
              "timedOut": null,
              "duration": 17,
              "state": "passed",
              "speed": "fast",
              "pass": true,
              "fail": false,
              "pending": false,
              "context": null,
              "code": "_navigationControl.navigationControlObject.cartTab().should('contain.text', '4');\n_productPage.productPageObject.totalBar().should('contain.text', '60');",
              "err": {},
              "uuid": "eec97654-1dc9-4c1c-8abe-d165d2c514d9",
              "parentUUID": "d317cfa5-6075-4898-9d6c-fdef6712fe6b",
              "isHook": false,
              "skipped": false
            },
            {
              "title": "Verify that user can add Espresso Con Panna from Total Bar",
              "fullTitle": "Add Coffee to Cart Verify that user can add Espresso Con Panna from Total Bar",
              "timedOut": null,
              "duration": 106,
              "state": "passed",
              "speed": "fast",
              "pass": true,
              "fail": false,
              "pending": false,
              "context": null,
              "code": "_productPage.productPageObject.addEspressoConPannaCoffee();\n_productPage.productPageObject.hoverTotalBar();\n_productPage.productPageObject.cartItems().should('contain.text', 'Espresso Con Panna x 2+-');\n_navigationControl.navigationControlObject.cartTab().should('contain.text', '5');\n_productPage.productPageObject.totalBar().should('contain.text', '74');",
              "err": {},
              "uuid": "bde7f319-b328-4d0b-afb6-6ff33381304b",
              "parentUUID": "d317cfa5-6075-4898-9d6c-fdef6712fe6b",
              "isHook": false,
              "skipped": false
            },
            {
              "title": "Verify that user can remove Cappuccino from Total Bar",
              "fullTitle": "Add Coffee to Cart Verify that user can remove Cappuccino from Total Bar",
              "timedOut": null,
              "duration": 104,
              "state": "passed",
              "speed": "fast",
              "pass": true,
              "fail": false,
              "pending": false,
              "context": null,
              "code": "_productPage.productPageObject.removeCappuccinoCoffee();\n_productPage.productPageObject.hoverTotalBar();\n_productPage.productPageObject.cartItems().should('contain.text', 'Cappuccino x 1+-');\n_navigationControl.navigationControlObject.cartTab().should('contain.text', '4');\n_productPage.productPageObject.totalBar().should('contain.text', '55');",
              "err": {},
              "uuid": "7436149f-c6b7-4e01-a9d8-1852e3d3e2df",
              "parentUUID": "d317cfa5-6075-4898-9d6c-fdef6712fe6b",
              "isHook": false,
              "skipped": false
            },
            {
              "title": "Verify that user can open and close Payment Details",
              "fullTitle": "Add Coffee to Cart Verify that user can open and close Payment Details",
              "timedOut": null,
              "duration": 173,
              "state": "passed",
              "speed": "fast",
              "pass": true,
              "fail": false,
              "pending": false,
              "context": null,
              "code": "_productPage.productPageObject.clickTotalBar();\n_productPage.productPageObject.clickCloseButton();",
              "err": {},
              "uuid": "61e1eea0-409f-4099-8786-3c02ac960007",
              "parentUUID": "d317cfa5-6075-4898-9d6c-fdef6712fe6b",
              "isHook": false,
              "skipped": false
            },
            {
              "title": "Verify that user can fill payment details",
              "fullTitle": "Add Coffee to Cart Verify that user can fill payment details",
              "timedOut": null,
              "duration": 839,
              "state": "passed",
              "speed": "fast",
              "pass": true,
              "fail": false,
              "pending": false,
              "context": null,
              "code": "_productPage.productPageObject.clickTotalBar();\n_productPage.productPageObject.enterName(\"Coffee Enjoyer\");\n_productPage.productPageObject.enterEmail(\"coffee@enjoyer.com\");\n_productPage.productPageObject.clickReceiveOrderUpdatesCheckbox();",
              "err": {},
              "uuid": "64c811ad-d1fc-4738-949f-8d14ae4599f3",
              "parentUUID": "d317cfa5-6075-4898-9d6c-fdef6712fe6b",
              "isHook": false,
              "skipped": false
            },
            {
              "title": "Verify that user can submit and purchase Coffee Successfully",
              "fullTitle": "Add Coffee to Cart Verify that user can submit and purchase Coffee Successfully",
              "timedOut": null,
              "duration": 624,
              "state": "passed",
              "speed": "fast",
              "pass": true,
              "fail": false,
              "pending": false,
              "context": null,
              "code": "_productPage.productPageObject.clickSubmitButton();\n_productPage.productPageObject.purchaseSuccessfulBanner().should('be.visible');",
              "err": {},
              "uuid": "197ae5ef-afa4-41ae-8668-9f16a6731047",
              "parentUUID": "d317cfa5-6075-4898-9d6c-fdef6712fe6b",
              "isHook": false,
              "skipped": false
            }
          ],
          "suites": [],
          "passes": [
            "e3ce3504-091f-4eb8-9648-d767dbce86f2",
            "8e46e86b-5de7-4a97-a573-cadd25b66da8",
            "b78bc08d-fc3d-4e6c-8ddb-413f6d5a6d0a",
            "73000092-a754-42b3-ace0-35ab45fe2f1c",
            "eec97654-1dc9-4c1c-8abe-d165d2c514d9",
            "bde7f319-b328-4d0b-afb6-6ff33381304b",
            "7436149f-c6b7-4e01-a9d8-1852e3d3e2df",
            "61e1eea0-409f-4099-8786-3c02ac960007",
            "64c811ad-d1fc-4738-949f-8d14ae4599f3",
            "197ae5ef-afa4-41ae-8668-9f16a6731047"
          ],
          "failures": [],
          "pending": [],
          "skipped": [],
          "duration": 4266,
          "root": false,
          "rootEmpty": false,
          "_timeout": 2000
        }
      ],
      "passes": [],
      "failures": [],
      "pending": [],
      "skipped": [],
      "duration": 0,
      "root": true,
      "rootEmpty": true,
      "_timeout": 2000
    }
  ],
  "meta": {
    "mocha": {
      "version": "7.2.0"
    },
    "mochawesome": {
      "options": {
        "quiet": false,
        "reportFilename": "mochawesome",
        "saveHtml": false,
        "saveJson": true,
        "consoleReporter": "spec",
        "useInlineDiffs": false,
        "code": true
      },
      "version": "7.1.4"
    },
    "marge": {
      "options": {
        "reportDir": "cypress/reports",
        "overwrite": false,
        "html": false,
        "json": true
      },
      "version": "6.3.0"
    }
  }
}