{
  "stats": {
    "suites": 1,
    "tests": 14,
    "passes": 14,
    "pending": 0,
    "failures": 0,
    "start": "2025-10-01T11:44:57.581Z",
    "end": "2025-10-01T11:45:01.257Z",
    "duration": 3676,
    "testsRegistered": 14,
    "passPercent": 100,
    "pendingPercent": 0,
    "other": 0,
    "hasOther": false,
    "skipped": 0,
    "hasSkipped": false
  },
  "results": [
    {
      "uuid": "b36ab063-70a4-4b4f-b466-339c3c08baee",
      "title": "",
      "fullFile": "cypress\\e2e\\specs\\buyCoffeeCartPage.cy.js",
      "file": "cypress\\e2e\\specs\\buyCoffeeCartPage.cy.js",
      "beforeHooks": [],
      "afterHooks": [],
      "tests": [],
      "suites": [
        {
          "uuid": "b4bda684-1a16-4683-a9ea-c9f69bf3e878",
          "title": "Buy Coffee Cart Page",
          "fullFile": "",
          "file": "",
          "beforeHooks": [],
          "afterHooks": [],
          "tests": [
            {
              "title": "Verify that there is no total before items have been added to cart",
              "fullTitle": "Buy Coffee Cart Page Verify that there is no total before items have been added to cart",
              "timedOut": null,
              "duration": 732,
              "state": "passed",
              "speed": "fast",
              "pass": true,
              "fail": false,
              "pending": false,
              "context": null,
              "code": "_productPage.productPageObject.hoverTotalBar();\n_productPage.productPageObject.cartItems().should('not.exist');",
              "err": {},
              "uuid": "e999c72a-bda6-442d-b1a6-1e6b9ee1ed24",
              "parentUUID": "b4bda684-1a16-4683-a9ea-c9f69bf3e878",
              "isHook": false,
              "skipped": false
            },
            {
              "title": "Verify that user can click Cappucino Coffee",
              "fullTitle": "Buy Coffee Cart Page Verify that user can click Cappucino Coffee",
              "timedOut": null,
              "duration": 331,
              "state": "passed",
              "speed": "fast",
              "pass": true,
              "fail": false,
              "pending": false,
              "context": null,
              "code": "_productPage.productPageObject.clickCappuccinoCoffee();\n_productPage.productPageObject.clickCappuccinoCoffee();\n_productPage.productPageObject.hoverTotalBar();\n_productPage.productPageObject.cartItems().should('contain.text', 'Cappuccino x 2+-');",
              "err": {},
              "uuid": "ab273284-e915-4395-bf80-220df9682f2c",
              "parentUUID": "b4bda684-1a16-4683-a9ea-c9f69bf3e878",
              "isHook": false,
              "skipped": false
            },
            {
              "title": "Verify that user can click Mocha Coffee",
              "fullTitle": "Buy Coffee Cart Page Verify that user can click Mocha Coffee",
              "timedOut": null,
              "duration": 143,
              "state": "passed",
              "speed": "fast",
              "pass": true,
              "fail": false,
              "pending": false,
              "context": null,
              "code": "_productPage.productPageObject.clickMochaCoffee();\n_productPage.productPageObject.hoverTotalBar();\n_productPage.productPageObject.cartItems().should('contain.text', 'Mocha x 1+-');",
              "err": {},
              "uuid": "078fd050-981c-4be5-89ee-6e960ee6317f",
              "parentUUID": "b4bda684-1a16-4683-a9ea-c9f69bf3e878",
              "isHook": false,
              "skipped": false
            },
            {
              "title": "Verify that user can click Espresso Con Panna Coffee",
              "fullTitle": "Buy Coffee Cart Page Verify that user can click Espresso Con Panna Coffee",
              "timedOut": null,
              "duration": 141,
              "state": "passed",
              "speed": "fast",
              "pass": true,
              "fail": false,
              "pending": false,
              "context": null,
              "code": "_productPage.productPageObject.clickEspressoConPannaCoffee();\n_productPage.productPageObject.hoverTotalBar();\n_productPage.productPageObject.cartItems().should('contain.text', 'Espresso Con Panna x 1+-');",
              "err": {},
              "uuid": "2e15c0b3-a462-471c-89a9-9dee9190d090",
              "parentUUID": "b4bda684-1a16-4683-a9ea-c9f69bf3e878",
              "isHook": false,
              "skipped": false
            },
            {
              "title": "Verify that Cart and Total Info is correct",
              "fullTitle": "Buy Coffee Cart Page Verify that Cart and Total Info is correct",
              "timedOut": null,
              "duration": 20,
              "state": "passed",
              "speed": "fast",
              "pass": true,
              "fail": false,
              "pending": false,
              "context": null,
              "code": "_navigationControl.navigationControlObject.cartTab().should('contain.text', '4');\n_productPage.productPageObject.totalBar().should('contain.text', '60');",
              "err": {},
              "uuid": "c0a7d282-f51b-4b3d-ab52-04012769a614",
              "parentUUID": "b4bda684-1a16-4683-a9ea-c9f69bf3e878",
              "isHook": false,
              "skipped": false
            },
            {
              "title": "Verify that user can navigate to Cart Page",
              "fullTitle": "Buy Coffee Cart Page Verify that user can navigate to Cart Page",
              "timedOut": null,
              "duration": 119,
              "state": "passed",
              "speed": "fast",
              "pass": true,
              "fail": false,
              "pending": false,
              "context": null,
              "code": "_navigationControl.navigationControlObject.clickCartTab();\n_cartPage.cartPageObject.payButton().should('be.visible');\n_cartPage.cartPageObject.payButton().should('contain.text', '60');",
              "err": {},
              "uuid": "3616363f-885e-4584-8958-3bb888f8711b",
              "parentUUID": "b4bda684-1a16-4683-a9ea-c9f69bf3e878",
              "isHook": false,
              "skipped": false
            },
            {
              "title": "Verify that Cart Page Information is correct",
              "fullTitle": "Buy Coffee Cart Page Verify that Cart Page Information is correct",
              "timedOut": null,
              "duration": 30,
              "state": "passed",
              "speed": "fast",
              "pass": true,
              "fail": false,
              "pending": false,
              "context": null,
              "code": "//Cappuccino\n_cartPage.cartPageObject.cappuccinoItem().should('contain.text', 'Cappuccino');\n_cartPage.cartPageObject.cappuccinoUnit().should('contain.text', '$19.00 x 2');\n_cartPage.cartPageObject.cappuccinoTotal().should('contain.text', '$38.00');\n//Espresso Con Panna\n_cartPage.cartPageObject.espressoConPannaItem().should('contain.text', 'Espresso Con Panna');\n_cartPage.cartPageObject.espressoConPannaUnit().should('contain.text', '$14.00 x 1');\n_cartPage.cartPageObject.espressoConPannaTotal().should('contain.text', '$14.00');\n//Mocha\n_cartPage.cartPageObject.mochaItem().should('contain.text', 'Mocha');\n_cartPage.cartPageObject.mochaUnit().should('contain.text', '$8.00 x 1');\n_cartPage.cartPageObject.mochaTotal().should('contain.text', '$8.00');",
              "err": {},
              "uuid": "40b2703d-c28d-477b-8144-3cb54a40872b",
              "parentUUID": "b4bda684-1a16-4683-a9ea-c9f69bf3e878",
              "isHook": false,
              "skipped": false
            },
            {
              "title": "Verify that user can remove one cart item on Cart Page",
              "fullTitle": "Buy Coffee Cart Page Verify that user can remove one cart item on Cart Page",
              "timedOut": null,
              "duration": 102,
              "state": "passed",
              "speed": "fast",
              "pass": true,
              "fail": false,
              "pending": false,
              "context": null,
              "code": "_cartPage.cartPageObject.clickRemoveOneCappuccinoButton();\n_cartPage.cartPageObject.cappuccinoUnit().should('contain.text', '$19.00 x 1');\n_cartPage.cartPageObject.cappuccinoTotal().should('contain.text', '$19.00');",
              "err": {},
              "uuid": "bbdee472-7fb1-4656-adcb-0739d89296f3",
              "parentUUID": "b4bda684-1a16-4683-a9ea-c9f69bf3e878",
              "isHook": false,
              "skipped": false
            },
            {
              "title": "Verify that user can add one cart item on Cart Page",
              "fullTitle": "Buy Coffee Cart Page Verify that user can add one cart item on Cart Page",
              "timedOut": null,
              "duration": 105,
              "state": "passed",
              "speed": "fast",
              "pass": true,
              "fail": false,
              "pending": false,
              "context": null,
              "code": "_cartPage.cartPageObject.clickAddOneMochaButton();\n_cartPage.cartPageObject.mochaUnit().should('contain.text', '$8.00 x 2');\n_cartPage.cartPageObject.mochaTotal().should('contain.text', '$16.00');",
              "err": {},
              "uuid": "ca7b1b17-b6d8-462d-a22a-4540a7ff710a",
              "parentUUID": "b4bda684-1a16-4683-a9ea-c9f69bf3e878",
              "isHook": false,
              "skipped": false
            },
            {
              "title": "Verify that user can remove Cart Items on Cart Page",
              "fullTitle": "Buy Coffee Cart Page Verify that user can remove Cart Items on Cart Page",
              "timedOut": null,
              "duration": 101,
              "state": "passed",
              "speed": "fast",
              "pass": true,
              "fail": false,
              "pending": false,
              "context": null,
              "code": "_cartPage.cartPageObject.clickRemoveEspressoConPannaButton();\n_cartPage.cartPageObject.espressoConPannaUnit().should('not.exist');\n_cartPage.cartPageObject.espressoConPannaTotal().should('not.exist');",
              "err": {},
              "uuid": "a3923095-1b21-464f-b312-a6b3c213a9ea",
              "parentUUID": "b4bda684-1a16-4683-a9ea-c9f69bf3e878",
              "isHook": false,
              "skipped": false
            },
            {
              "title": "Verify that Cart Page and Total Information is correct",
              "fullTitle": "Buy Coffee Cart Page Verify that Cart Page and Total Information is correct",
              "timedOut": null,
              "duration": 38,
              "state": "passed",
              "speed": "fast",
              "pass": true,
              "fail": false,
              "pending": false,
              "context": null,
              "code": "//Cart total\n_navigationControl.navigationControlObject.cartTab().should('contain.text', '3');\n_productPage.productPageObject.totalBar().should('contain.text', '35');\n//Cappuccino\n_cartPage.cartPageObject.cappuccinoItem().should('contain.text', 'Cappuccino');\n_cartPage.cartPageObject.cappuccinoUnit().should('contain.text', '$19.00 x 1');\n_cartPage.cartPageObject.cappuccinoTotal().should('contain.text', '$19.00');\n//Mocha\n_cartPage.cartPageObject.mochaItem().should('contain.text', 'Mocha');\n_cartPage.cartPageObject.mochaUnit().should('contain.text', '$8.00 x 2');\n_cartPage.cartPageObject.mochaTotal().should('contain.text', '$16.00');",
              "err": {},
              "uuid": "20cefa57-e8ba-4eb2-a8b4-dbfcdcb299f3",
              "parentUUID": "b4bda684-1a16-4683-a9ea-c9f69bf3e878",
              "isHook": false,
              "skipped": false
            },
            {
              "title": "Verify that user can open and close Payment Details",
              "fullTitle": "Buy Coffee Cart Page Verify that user can open and close Payment Details",
              "timedOut": null,
              "duration": 179,
              "state": "passed",
              "speed": "fast",
              "pass": true,
              "fail": false,
              "pending": false,
              "context": null,
              "code": "_cartPage.cartPageObject.clickTotalBar();\n_cartPage.cartPageObject.clickCloseButton();",
              "err": {},
              "uuid": "c6d2bbc4-eefd-410b-93a8-8786baa22253",
              "parentUUID": "b4bda684-1a16-4683-a9ea-c9f69bf3e878",
              "isHook": false,
              "skipped": false
            },
            {
              "title": "Verify that user can fill payment details",
              "fullTitle": "Buy Coffee Cart Page Verify that user can fill payment details",
              "timedOut": null,
              "duration": 825,
              "state": "passed",
              "speed": "fast",
              "pass": true,
              "fail": false,
              "pending": false,
              "context": null,
              "code": "_cartPage.cartPageObject.clickTotalBar();\n_cartPage.cartPageObject.enterName(\"Coffee Enjoyer\");\n_cartPage.cartPageObject.enterEmail(\"coffee@enjoyer.com\");\n_cartPage.cartPageObject.clickReceiveOrderUpdatesCheckbox();",
              "err": {},
              "uuid": "27de78aa-3d54-4d2b-9623-fc013b0c8f2b",
              "parentUUID": "b4bda684-1a16-4683-a9ea-c9f69bf3e878",
              "isHook": false,
              "skipped": false
            },
            {
              "title": "Verify that user can submit and purchase Coffee Successfully",
              "fullTitle": "Buy Coffee Cart Page Verify that user can submit and purchase Coffee Successfully",
              "timedOut": null,
              "duration": 604,
              "state": "passed",
              "speed": "fast",
              "pass": true,
              "fail": false,
              "pending": false,
              "context": null,
              "code": "_cartPage.cartPageObject.clickSubmitButton();\n_cartPage.cartPageObject.purchaseSuccessfulBanner().should('be.visible');",
              "err": {},
              "uuid": "03606fd6-1f67-4a67-9558-7dc33a1d0e02",
              "parentUUID": "b4bda684-1a16-4683-a9ea-c9f69bf3e878",
              "isHook": false,
              "skipped": false
            }
          ],
          "suites": [],
          "passes": [
            "e999c72a-bda6-442d-b1a6-1e6b9ee1ed24",
            "ab273284-e915-4395-bf80-220df9682f2c",
            "078fd050-981c-4be5-89ee-6e960ee6317f",
            "2e15c0b3-a462-471c-89a9-9dee9190d090",
            "c0a7d282-f51b-4b3d-ab52-04012769a614",
            "3616363f-885e-4584-8958-3bb888f8711b",
            "40b2703d-c28d-477b-8144-3cb54a40872b",
            "bbdee472-7fb1-4656-adcb-0739d89296f3",
            "ca7b1b17-b6d8-462d-a22a-4540a7ff710a",
            "a3923095-1b21-464f-b312-a6b3c213a9ea",
            "20cefa57-e8ba-4eb2-a8b4-dbfcdcb299f3",
            "c6d2bbc4-eefd-410b-93a8-8786baa22253",
            "27de78aa-3d54-4d2b-9623-fc013b0c8f2b",
            "03606fd6-1f67-4a67-9558-7dc33a1d0e02"
          ],
          "failures": [],
          "pending": [],
          "skipped": [],
          "duration": 3470,
          "root": false,
          "rootEmpty": false,
          "_timeout": 2000
        }
      ],
      "passes": [],
      "failures": [],
      "pending": [],
      "skipped": [],
      "duration": 0,
      "root": true,
      "rootEmpty": true,
      "_timeout": 2000
    }
  ],
  "meta": {
    "mocha": {
      "version": "7.2.0"
    },
    "mochawesome": {
      "options": {
        "quiet": false,
        "reportFilename": "mochawesome",
        "saveHtml": false,
        "saveJson": true,
        "consoleReporter": "spec",
        "useInlineDiffs": false,
        "code": true
      },
      "version": "7.1.4"
    },
    "marge": {
      "options": {
        "reportDir": "cypress/reports",
        "overwrite": false,
        "html": false,
        "json": true
      },
      "version": "6.3.0"
    }
  }
}