{
  "stats": {
    "suites": 1,
    "tests": 10,
    "passes": 9,
    "pending": 0,
    "failures": 1,
    "start": "2025-12-27T15:11:52.761Z",
    "end": "2025-12-27T15:12:45.119Z",
    "duration": 52358,
    "testsRegistered": 10,
    "passPercent": 90,
    "pendingPercent": 0,
    "other": 0,
    "hasOther": false,
    "skipped": 0,
    "hasSkipped": false
  },
  "results": [
    {
      "uuid": "dfe7c88d-2b8b-4be0-bf87-3c38d711a512",
      "title": "",
      "fullFile": "cypress\\e2e\\specs\\addCoffeeToCart.cy.js",
      "file": "cypress\\e2e\\specs\\addCoffeeToCart.cy.js",
      "beforeHooks": [],
      "afterHooks": [],
      "tests": [],
      "suites": [
        {
          "uuid": "f3e49297-55a3-4c3b-8c20-879c658619e8",
          "title": "Add Coffee to Cart",
          "fullFile": "",
          "file": "",
          "beforeHooks": [],
          "afterHooks": [],
          "tests": [
            {
              "title": "Verify that there is no total before items have been added to cart",
              "fullTitle": "Add Coffee to Cart Verify that there is no total before items have been added to cart",
              "timedOut": null,
              "duration": 17412,
              "state": "passed",
              "speed": "slow",
              "pass": true,
              "fail": false,
              "pending": false,
              "context": null,
              "code": "_productPage.productPageObject.hoverTotalBar();\n_productPage.productPageObject.cartItems().should('not.exist');",
              "err": {},
              "uuid": "ca71de03-5fea-493c-b53d-98bd55603b37",
              "parentUUID": "f3e49297-55a3-4c3b-8c20-879c658619e8",
              "isHook": false,
              "skipped": false
            },
            {
              "title": "Verify that user can click Cappucino Coffee",
              "fullTitle": "Add Coffee to Cart Verify that user can click Cappucino Coffee",
              "timedOut": null,
              "duration": 652,
              "state": "passed",
              "speed": "fast",
              "pass": true,
              "fail": false,
              "pending": false,
              "context": null,
              "code": "_productPage.productPageObject.clickCappuccinoCoffee();\n_productPage.productPageObject.clickCappuccinoCoffee();\n_productPage.productPageObject.hoverTotalBar();\n_productPage.productPageObject.cartItems().should('contain.text', 'Cappuccino x 2+-');",
              "err": {},
              "uuid": "de3852cd-3d5e-40f8-9d25-59cc9b5b8005",
              "parentUUID": "f3e49297-55a3-4c3b-8c20-879c658619e8",
              "isHook": false,
              "skipped": false
            },
            {
              "title": "Verify that user can click Mocha Coffee",
              "fullTitle": "Add Coffee to Cart Verify that user can click Mocha Coffee",
              "timedOut": null,
              "duration": 366,
              "state": "passed",
              "speed": "fast",
              "pass": true,
              "fail": false,
              "pending": false,
              "context": null,
              "code": "_productPage.productPageObject.clickMochaCoffee();\n_productPage.productPageObject.hoverTotalBar();\n_productPage.productPageObject.cartItems().should('contain.text', 'Mocha x 1+-');",
              "err": {},
              "uuid": "0313ac1e-2cd5-4078-a712-9460d5b1f2dc",
              "parentUUID": "f3e49297-55a3-4c3b-8c20-879c658619e8",
              "isHook": false,
              "skipped": false
            },
            {
              "title": "Verify that user can click Espresso Con Panna Coffee",
              "fullTitle": "Add Coffee to Cart Verify that user can click Espresso Con Panna Coffee",
              "timedOut": null,
              "duration": 151,
              "state": "passed",
              "speed": "fast",
              "pass": true,
              "fail": false,
              "pending": false,
              "context": null,
              "code": "_productPage.productPageObject.clickEspressoConPannaCoffee();\n_productPage.productPageObject.hoverTotalBar();\n_productPage.productPageObject.cartItems().should('contain.text', 'Espresso Con Panna x 1+-');",
              "err": {},
              "uuid": "b21264b1-12b4-445f-9ece-5c6c04dbaa27",
              "parentUUID": "f3e49297-55a3-4c3b-8c20-879c658619e8",
              "isHook": false,
              "skipped": false
            },
            {
              "title": "Verify that Cart and Total Info is correct",
              "fullTitle": "Add Coffee to Cart Verify that Cart and Total Info is correct",
              "timedOut": null,
              "duration": 221,
              "state": "passed",
              "speed": "fast",
              "pass": true,
              "fail": false,
              "pending": false,
              "context": null,
              "code": "_navigationControl.navigationControlObject.cartTab().should('contain.text', '4');\n_productPage.productPageObject.totalBar().should('contain.text', '60');",
              "err": {},
              "uuid": "9fd56cbe-7aba-40d6-9967-99afc63664bd",
              "parentUUID": "f3e49297-55a3-4c3b-8c20-879c658619e8",
              "isHook": false,
              "skipped": false
            },
            {
              "title": "Verify that user can add Espresso Con Panna from Total Bar",
              "fullTitle": "Add Coffee to Cart Verify that user can add Espresso Con Panna from Total Bar",
              "timedOut": null,
              "duration": 263,
              "state": "passed",
              "speed": "fast",
              "pass": true,
              "fail": false,
              "pending": false,
              "context": null,
              "code": "_productPage.productPageObject.addEspressoConPannaCoffee();\n_productPage.productPageObject.hoverTotalBar();\n_productPage.productPageObject.cartItems().should('contain.text', 'Espresso Con Panna x 2+-');\n_navigationControl.navigationControlObject.cartTab().should('contain.text', '5');\n_productPage.productPageObject.totalBar().should('contain.text', '74');",
              "err": {},
              "uuid": "eeaa055b-30db-41ab-80a2-931ea23da87c",
              "parentUUID": "f3e49297-55a3-4c3b-8c20-879c658619e8",
              "isHook": false,
              "skipped": false
            },
            {
              "title": "Verify that user can remove Cappuccino from Total Bar",
              "fullTitle": "Add Coffee to Cart Verify that user can remove Cappuccino from Total Bar",
              "timedOut": null,
              "duration": 137,
              "state": "passed",
              "speed": "fast",
              "pass": true,
              "fail": false,
              "pending": false,
              "context": null,
              "code": "_productPage.productPageObject.removeCappuccinoCoffee();\n_productPage.productPageObject.hoverTotalBar();\n_productPage.productPageObject.cartItems().should('contain.text', 'Cappuccino x 1+-');\n_navigationControl.navigationControlObject.cartTab().should('contain.text', '4');\n_productPage.productPageObject.totalBar().should('contain.text', '55');",
              "err": {},
              "uuid": "b483c9db-cbdf-449d-8139-7621f83a3464",
              "parentUUID": "f3e49297-55a3-4c3b-8c20-879c658619e8",
              "isHook": false,
              "skipped": false
            },
            {
              "title": "Verify that user can open and close Payment Details",
              "fullTitle": "Add Coffee to Cart Verify that user can open and close Payment Details",
              "timedOut": null,
              "duration": 749,
              "state": "passed",
              "speed": "fast",
              "pass": true,
              "fail": false,
              "pending": false,
              "context": null,
              "code": "_productPage.productPageObject.clickTotalBar();\n_productPage.productPageObject.clickCloseButton();",
              "err": {},
              "uuid": "06406fd6-ef81-4e04-b897-972e4effb1df",
              "parentUUID": "f3e49297-55a3-4c3b-8c20-879c658619e8",
              "isHook": false,
              "skipped": false
            },
            {
              "title": "Verify that user can fill payment details",
              "fullTitle": "Add Coffee to Cart Verify that user can fill payment details",
              "timedOut": null,
              "duration": 1337,
              "state": "passed",
              "speed": "fast",
              "pass": true,
              "fail": false,
              "pending": false,
              "context": null,
              "code": "_productPage.productPageObject.clickTotalBar();\n_productPage.productPageObject.enterName(\"Coffee Enjoyer\");\n_productPage.productPageObject.enterEmail(\"coffee@enjoyer.com\");\n_productPage.productPageObject.clickReceiveOrderUpdatesCheckbox();",
              "err": {},
              "uuid": "bbc3822c-c7a5-4cb7-8b3f-3767f34c028d",
              "parentUUID": "f3e49297-55a3-4c3b-8c20-879c658619e8",
              "isHook": false,
              "skipped": false
            },
            {
              "title": "Verify that user can submit and purchase Coffee Successfully",
              "fullTitle": "Add Coffee to Cart Verify that user can submit and purchase Coffee Successfully",
              "timedOut": null,
              "duration": 4301,
              "state": "failed",
              "speed": null,
              "pass": false,
              "fail": true,
              "pending": false,
              "context": null,
              "code": "_productPage.productPageObject.clickSubmitButton();\n_productPage.productPageObject.purchaseSuccessfulBanner().should('be.visible');",
              "err": {
                "message": "CypressError: Timed out retrying after 4050ms: `cy.click()` failed because this element is not visible:\n\n`<button data-v-29c3be1b=\"\" id=\"submit-payment\" type=\"submit\">Submit</button>`\n\nThis element `<button#submit-payment>` is not visible because its parent `<div.modal>` has CSS property: `display: none`\n\nFix this problem, or use `{force: true}` to disable error checking.\n\nhttps://on.cypress.io/element-cannot-be-interacted-with",
                "estack": "CypressError: Timed out retrying after 4050ms: `cy.click()` failed because this element is not visible:\n\n`<button data-v-29c3be1b=\"\" id=\"submit-payment\" type=\"submit\">Submit</button>`\n\nThis element `<button#submit-payment>` is not visible because its parent `<div.modal>` has CSS property: `display: none`\n\nFix this problem, or use `{force: true}` to disable error checking.\n\nhttps://on.cypress.io/element-cannot-be-interacted-with\n    at runVisibilityCheck (https://coffee-cart.app/__cypress/runner/cypress_runner.js:152897:58)\n    at Object.isStrictlyVisible (https://coffee-cart.app/__cypress/runner/cypress_runner.js:152911:10)\n    at runAllChecks (https://coffee-cart.app/__cypress/runner/cypress_runner.js:115353:26)\n    at retryActionability (https://coffee-cart.app/__cypress/runner/cypress_runner.js:115421:16)\n    at tryCatcher (https://coffee-cart.app/__cypress/runner/cypress_runner.js:1777:23)\n    at Promise.attempt.Promise.try (https://coffee-cart.app/__cypress/runner/cypress_runner.js:4285:29)\n    at whenStable (https://coffee-cart.app/__cypress/runner/cypress_runner.js:151724:68)\n    at <unknown> (https://coffee-cart.app/__cypress/runner/cypress_runner.js:151665:14)\n    at tryCatcher (https://coffee-cart.app/__cypress/runner/cypress_runner.js:1777:23)\n    at Promise._settlePromiseFromHandler (https://coffee-cart.app/__cypress/runner/cypress_runner.js:1489:31)\n    at Promise._settlePromise (https://coffee-cart.app/__cypress/runner/cypress_runner.js:1546:18)\n    at Promise._settlePromise0 (https://coffee-cart.app/__cypress/runner/cypress_runner.js:1591:10)\n    at Promise._settlePromises (https://coffee-cart.app/__cypress/runner/cypress_runner.js:1671:18)\n    at Promise._fulfill (https://coffee-cart.app/__cypress/runner/cypress_runner.js:1615:18)\n    at <unknown> (https://coffee-cart.app/__cypress/runner/cypress_runner.js:5420:46)\nFrom Your Spec Code:\n    at productPage.clickSubmitButton (webpack://coffee-app-cypress/./cypress/e2e/pageObjects/productPage.js:199:28)\n    at Context.eval (webpack://coffee-app-cypress/./cypress/e2e/specs/addCoffeeToCart.cy.js:70:26)",
                "diff": null
              },
              "uuid": "655b4797-aeb6-476d-9757-656ad4df5e10",
              "parentUUID": "f3e49297-55a3-4c3b-8c20-879c658619e8",
              "isHook": false,
              "skipped": false
            }
          ],
          "suites": [],
          "passes": [
            "ca71de03-5fea-493c-b53d-98bd55603b37",
            "de3852cd-3d5e-40f8-9d25-59cc9b5b8005",
            "0313ac1e-2cd5-4078-a712-9460d5b1f2dc",
            "b21264b1-12b4-445f-9ece-5c6c04dbaa27",
            "9fd56cbe-7aba-40d6-9967-99afc63664bd",
            "eeaa055b-30db-41ab-80a2-931ea23da87c",
            "b483c9db-cbdf-449d-8139-7621f83a3464",
            "06406fd6-ef81-4e04-b897-972e4effb1df",
            "bbc3822c-c7a5-4cb7-8b3f-3767f34c028d"
          ],
          "failures": [
            "655b4797-aeb6-476d-9757-656ad4df5e10"
          ],
          "pending": [],
          "skipped": [],
          "duration": 25589,
          "root": false,
          "rootEmpty": false,
          "_timeout": 2000
        }
      ],
      "passes": [],
      "failures": [],
      "pending": [],
      "skipped": [],
      "duration": 0,
      "root": true,
      "rootEmpty": true,
      "_timeout": 2000
    }
  ],
  "meta": {
    "mocha": {
      "version": "7.2.0"
    },
    "mochawesome": {
      "options": {
        "quiet": false,
        "reportFilename": "mochawesome",
        "saveHtml": false,
        "saveJson": true,
        "consoleReporter": "spec",
        "useInlineDiffs": false,
        "code": true
      },
      "version": "7.1.4"
    },
    "marge": {
      "options": {
        "reportDir": "cypress/reports",
        "overwrite": false,
        "html": false,
        "json": true
      },
      "version": "6.3.2"
    }
  }
}