{
  "stats": {
    "suites": 1,
    "tests": 4,
    "passes": 4,
    "pending": 0,
    "failures": 0,
    "start": "2025-12-27T15:13:11.740Z",
    "end": "2025-12-27T15:13:16.197Z",
    "duration": 4457,
    "testsRegistered": 4,
    "passPercent": 100,
    "pendingPercent": 0,
    "other": 0,
    "hasOther": false,
    "skipped": 0,
    "hasSkipped": false
  },
  "results": [
    {
      "uuid": "95a782a5-ea17-4994-894b-e945715d78a8",
      "title": "",
      "fullFile": "cypress\\e2e\\specs\\gimmickFeatures.cy.js",
      "file": "cypress\\e2e\\specs\\gimmickFeatures.cy.js",
      "beforeHooks": [],
      "afterHooks": [],
      "tests": [],
      "suites": [
        {
          "uuid": "956cf4a2-507c-4464-8937-b06d1d11d620",
          "title": "Double Click to convert name and Right Click to Add to Cart",
          "fullFile": "",
          "file": "",
          "beforeHooks": [],
          "afterHooks": [],
          "tests": [
            {
              "title": "Verify that user can double click Coffee to convert name to Chinese",
              "fullTitle": "Double Click to convert name and Right Click to Add to Cart Verify that user can double click Coffee to convert name to Chinese",
              "timedOut": null,
              "duration": 3057,
              "state": "passed",
              "speed": "fast",
              "pass": true,
              "fail": false,
              "pending": false,
              "context": null,
              "code": "_productPage.productPageObject.espressoCoffeeName().should('contain.text', 'Espresso');\n_productPage.productPageObject.doubleClickEspresso();\n_productPage.productPageObject.espressoCoffeeName().should('contain.text', '特浓咖啡');",
              "err": {},
              "uuid": "15cfc969-2661-4b09-b681-367d32d1f9c7",
              "parentUUID": "956cf4a2-507c-4464-8937-b06d1d11d620",
              "isHook": false,
              "skipped": false
            },
            {
              "title": "Verify that user can double click Coffee to convert name back to English",
              "fullTitle": "Double Click to convert name and Right Click to Add to Cart Verify that user can double click Coffee to convert name back to English",
              "timedOut": null,
              "duration": 112,
              "state": "passed",
              "speed": "fast",
              "pass": true,
              "fail": false,
              "pending": false,
              "context": null,
              "code": "_productPage.productPageObject.doubleClickEspresso();\n_productPage.productPageObject.espressoCoffeeName().should('contain.text', 'Espresso');",
              "err": {},
              "uuid": "f5e001e6-27b1-46a7-9df7-4f82f459526e",
              "parentUUID": "956cf4a2-507c-4464-8937-b06d1d11d620",
              "isHook": false,
              "skipped": false
            },
            {
              "title": "Verify that user can right click and click no to add to cart",
              "fullTitle": "Double Click to convert name and Right Click to Add to Cart Verify that user can right click and click no to add to cart",
              "timedOut": null,
              "duration": 643,
              "state": "passed",
              "speed": "fast",
              "pass": true,
              "fail": false,
              "pending": false,
              "context": null,
              "code": "_productPage.productPageObject.clickCafeLatteCoffee();\n_productPage.productPageObject.rightClickEspresso();\n_productPage.productPageObject.clickNoAddToCart();\n_productPage.productPageObject.hoverTotalBar();\n_productPage.productPageObject.cartItems().should('not.contain.text', 'Espresso x 1+-');",
              "err": {},
              "uuid": "277dadc4-549b-484d-9e6a-f7240b064a64",
              "parentUUID": "956cf4a2-507c-4464-8937-b06d1d11d620",
              "isHook": false,
              "skipped": false
            },
            {
              "title": "Verify that user can right click and click yes to add to cart",
              "fullTitle": "Double Click to convert name and Right Click to Add to Cart Verify that user can right click and click yes to add to cart",
              "timedOut": null,
              "duration": 214,
              "state": "passed",
              "speed": "fast",
              "pass": true,
              "fail": false,
              "pending": false,
              "context": null,
              "code": "_productPage.productPageObject.rightClickFlatWhite();\n_productPage.productPageObject.clickYesAddToCart();\n_productPage.productPageObject.hoverTotalBar();\n_productPage.productPageObject.cartItems().should('contain.text', 'Flat White x 1+-');",
              "err": {},
              "uuid": "19b349e5-f304-45a9-9d7c-9ef5c38d3c19",
              "parentUUID": "956cf4a2-507c-4464-8937-b06d1d11d620",
              "isHook": false,
              "skipped": false
            }
          ],
          "suites": [],
          "passes": [
            "15cfc969-2661-4b09-b681-367d32d1f9c7",
            "f5e001e6-27b1-46a7-9df7-4f82f459526e",
            "277dadc4-549b-484d-9e6a-f7240b064a64",
            "19b349e5-f304-45a9-9d7c-9ef5c38d3c19"
          ],
          "failures": [],
          "pending": [],
          "skipped": [],
          "duration": 4026,
          "root": false,
          "rootEmpty": false,
          "_timeout": 2000
        }
      ],
      "passes": [],
      "failures": [],
      "pending": [],
      "skipped": [],
      "duration": 0,
      "root": true,
      "rootEmpty": true,
      "_timeout": 2000
    }
  ],
  "meta": {
    "mocha": {
      "version": "7.2.0"
    },
    "mochawesome": {
      "options": {
        "quiet": false,
        "reportFilename": "mochawesome",
        "saveHtml": false,
        "saveJson": true,
        "consoleReporter": "spec",
        "useInlineDiffs": false,
        "code": true
      },
      "version": "7.1.4"
    },
    "marge": {
      "options": {
        "reportDir": "cypress/reports",
        "overwrite": false,
        "html": false,
        "json": true
      },
      "version": "6.3.2"
    }
  }
}