{
  "stats": {
    "suites": 1,
    "tests": 14,
    "passes": 14,
    "pending": 0,
    "failures": 0,
    "start": "2025-12-27T15:12:54.961Z",
    "end": "2025-12-27T15:13:01.669Z",
    "duration": 6708,
    "testsRegistered": 14,
    "passPercent": 100,
    "pendingPercent": 0,
    "other": 0,
    "hasOther": false,
    "skipped": 0,
    "hasSkipped": false
  },
  "results": [
    {
      "uuid": "047e9173-dfa3-41d7-9bd4-e30f3e70b2d8",
      "title": "",
      "fullFile": "cypress\\e2e\\specs\\buyCoffeeCartPage.cy.js",
      "file": "cypress\\e2e\\specs\\buyCoffeeCartPage.cy.js",
      "beforeHooks": [],
      "afterHooks": [],
      "tests": [],
      "suites": [
        {
          "uuid": "9c889e35-f64f-4736-8c78-cd64875a10bc",
          "title": "Buy Coffee Cart Page",
          "fullFile": "",
          "file": "",
          "beforeHooks": [],
          "afterHooks": [],
          "tests": [
            {
              "title": "Verify that there is no total before items have been added to cart",
              "fullTitle": "Buy Coffee Cart Page Verify that there is no total before items have been added to cart",
              "timedOut": null,
              "duration": 2027,
              "state": "passed",
              "speed": "fast",
              "pass": true,
              "fail": false,
              "pending": false,
              "context": null,
              "code": "_productPage.productPageObject.hoverTotalBar();\n_productPage.productPageObject.cartItems().should('not.exist');",
              "err": {},
              "uuid": "4f35b060-49c2-4712-a833-86586ef0c355",
              "parentUUID": "9c889e35-f64f-4736-8c78-cd64875a10bc",
              "isHook": false,
              "skipped": false
            },
            {
              "title": "Verify that user can click Cappucino Coffee",
              "fullTitle": "Buy Coffee Cart Page Verify that user can click Cappucino Coffee",
              "timedOut": null,
              "duration": 333,
              "state": "passed",
              "speed": "fast",
              "pass": true,
              "fail": false,
              "pending": false,
              "context": null,
              "code": "_productPage.productPageObject.clickCappuccinoCoffee();\n_productPage.productPageObject.clickCappuccinoCoffee();\n_productPage.productPageObject.hoverTotalBar();\n_productPage.productPageObject.cartItems().should('contain.text', 'Cappuccino x 2+-');",
              "err": {},
              "uuid": "47664e8c-5ed3-4da5-96cc-f17ee846d6cf",
              "parentUUID": "9c889e35-f64f-4736-8c78-cd64875a10bc",
              "isHook": false,
              "skipped": false
            },
            {
              "title": "Verify that user can click Mocha Coffee",
              "fullTitle": "Buy Coffee Cart Page Verify that user can click Mocha Coffee",
              "timedOut": null,
              "duration": 173,
              "state": "passed",
              "speed": "fast",
              "pass": true,
              "fail": false,
              "pending": false,
              "context": null,
              "code": "_productPage.productPageObject.clickMochaCoffee();\n_productPage.productPageObject.hoverTotalBar();\n_productPage.productPageObject.cartItems().should('contain.text', 'Mocha x 1+-');",
              "err": {},
              "uuid": "f7d9d39c-b461-44f8-b94b-f68323c12f70",
              "parentUUID": "9c889e35-f64f-4736-8c78-cd64875a10bc",
              "isHook": false,
              "skipped": false
            },
            {
              "title": "Verify that user can click Espresso Con Panna Coffee",
              "fullTitle": "Buy Coffee Cart Page Verify that user can click Espresso Con Panna Coffee",
              "timedOut": null,
              "duration": 139,
              "state": "passed",
              "speed": "fast",
              "pass": true,
              "fail": false,
              "pending": false,
              "context": null,
              "code": "_productPage.productPageObject.clickEspressoConPannaCoffee();\n_productPage.productPageObject.hoverTotalBar();\n_productPage.productPageObject.cartItems().should('contain.text', 'Espresso Con Panna x 1+-');",
              "err": {},
              "uuid": "2c5c720f-70d9-4cd5-8e40-790d7252c000",
              "parentUUID": "9c889e35-f64f-4736-8c78-cd64875a10bc",
              "isHook": false,
              "skipped": false
            },
            {
              "title": "Verify that Cart and Total Info is correct",
              "fullTitle": "Buy Coffee Cart Page Verify that Cart and Total Info is correct",
              "timedOut": null,
              "duration": 20,
              "state": "passed",
              "speed": "fast",
              "pass": true,
              "fail": false,
              "pending": false,
              "context": null,
              "code": "_navigationControl.navigationControlObject.cartTab().should('contain.text', '4');\n_productPage.productPageObject.totalBar().should('contain.text', '60');",
              "err": {},
              "uuid": "88474ea9-d69c-4b7f-ae6a-21d2e386d095",
              "parentUUID": "9c889e35-f64f-4736-8c78-cd64875a10bc",
              "isHook": false,
              "skipped": false
            },
            {
              "title": "Verify that user can navigate to Cart Page",
              "fullTitle": "Buy Coffee Cart Page Verify that user can navigate to Cart Page",
              "timedOut": null,
              "duration": 686,
              "state": "passed",
              "speed": "fast",
              "pass": true,
              "fail": false,
              "pending": false,
              "context": null,
              "code": "_navigationControl.navigationControlObject.clickCartTab();\n_cartPage.cartPageObject.payButton().should('be.visible');\n_cartPage.cartPageObject.payButton().should('contain.text', '60');",
              "err": {},
              "uuid": "4935e7c1-0f2f-415c-b228-5f1021bb9db6",
              "parentUUID": "9c889e35-f64f-4736-8c78-cd64875a10bc",
              "isHook": false,
              "skipped": false
            },
            {
              "title": "Verify that Cart Page Information is correct",
              "fullTitle": "Buy Coffee Cart Page Verify that Cart Page Information is correct",
              "timedOut": null,
              "duration": 309,
              "state": "passed",
              "speed": "fast",
              "pass": true,
              "fail": false,
              "pending": false,
              "context": null,
              "code": "//Cappuccino\n_cartPage.cartPageObject.cappuccinoItem().should('contain.text', 'Cappuccino');\n_cartPage.cartPageObject.cappuccinoUnit().should('contain.text', '$19.00 x 2');\n_cartPage.cartPageObject.cappuccinoTotal().should('contain.text', '$38.00');\n//Espresso Con Panna\n_cartPage.cartPageObject.espressoConPannaItem().should('contain.text', 'Espresso Con Panna');\n_cartPage.cartPageObject.espressoConPannaUnit().should('contain.text', '$14.00 x 1');\n_cartPage.cartPageObject.espressoConPannaTotal().should('contain.text', '$14.00');\n//Mocha\n_cartPage.cartPageObject.mochaItem().should('contain.text', 'Mocha');\n_cartPage.cartPageObject.mochaUnit().should('contain.text', '$8.00 x 1');\n_cartPage.cartPageObject.mochaTotal().should('contain.text', '$8.00');",
              "err": {},
              "uuid": "6d6f8948-07fc-4585-b9e7-fccc676bf98f",
              "parentUUID": "9c889e35-f64f-4736-8c78-cd64875a10bc",
              "isHook": false,
              "skipped": false
            },
            {
              "title": "Verify that user can remove one cart item on Cart Page",
              "fullTitle": "Buy Coffee Cart Page Verify that user can remove one cart item on Cart Page",
              "timedOut": null,
              "duration": 115,
              "state": "passed",
              "speed": "fast",
              "pass": true,
              "fail": false,
              "pending": false,
              "context": null,
              "code": "_cartPage.cartPageObject.clickRemoveOneCappuccinoButton();\n_cartPage.cartPageObject.cappuccinoUnit().should('contain.text', '$19.00 x 1');\n_cartPage.cartPageObject.cappuccinoTotal().should('contain.text', '$19.00');",
              "err": {},
              "uuid": "00d00427-ac71-49f0-97bc-e4a36ab02a50",
              "parentUUID": "9c889e35-f64f-4736-8c78-cd64875a10bc",
              "isHook": false,
              "skipped": false
            },
            {
              "title": "Verify that user can add one cart item on Cart Page",
              "fullTitle": "Buy Coffee Cart Page Verify that user can add one cart item on Cart Page",
              "timedOut": null,
              "duration": 113,
              "state": "passed",
              "speed": "fast",
              "pass": true,
              "fail": false,
              "pending": false,
              "context": null,
              "code": "_cartPage.cartPageObject.clickAddOneMochaButton();\n_cartPage.cartPageObject.mochaUnit().should('contain.text', '$8.00 x 2');\n_cartPage.cartPageObject.mochaTotal().should('contain.text', '$16.00');",
              "err": {},
              "uuid": "0eb6d299-cb39-4aca-a76e-82e02a3e9b3e",
              "parentUUID": "9c889e35-f64f-4736-8c78-cd64875a10bc",
              "isHook": false,
              "skipped": false
            },
            {
              "title": "Verify that user can remove Cart Items on Cart Page",
              "fullTitle": "Buy Coffee Cart Page Verify that user can remove Cart Items on Cart Page",
              "timedOut": null,
              "duration": 98,
              "state": "passed",
              "speed": "fast",
              "pass": true,
              "fail": false,
              "pending": false,
              "context": null,
              "code": "_cartPage.cartPageObject.clickRemoveEspressoConPannaButton();\n_cartPage.cartPageObject.espressoConPannaUnit().should('not.exist');\n_cartPage.cartPageObject.espressoConPannaTotal().should('not.exist');",
              "err": {},
              "uuid": "7ccdd77c-d3ce-4e39-9885-68fc6523991c",
              "parentUUID": "9c889e35-f64f-4736-8c78-cd64875a10bc",
              "isHook": false,
              "skipped": false
            },
            {
              "title": "Verify that Cart Page and Total Information is correct",
              "fullTitle": "Buy Coffee Cart Page Verify that Cart Page and Total Information is correct",
              "timedOut": null,
              "duration": 50,
              "state": "passed",
              "speed": "fast",
              "pass": true,
              "fail": false,
              "pending": false,
              "context": null,
              "code": "//Cart total\n_navigationControl.navigationControlObject.cartTab().should('contain.text', '3');\n_productPage.productPageObject.totalBar().should('contain.text', '35');\n//Cappuccino\n_cartPage.cartPageObject.cappuccinoItem().should('contain.text', 'Cappuccino');\n_cartPage.cartPageObject.cappuccinoUnit().should('contain.text', '$19.00 x 1');\n_cartPage.cartPageObject.cappuccinoTotal().should('contain.text', '$19.00');\n//Mocha\n_cartPage.cartPageObject.mochaItem().should('contain.text', 'Mocha');\n_cartPage.cartPageObject.mochaUnit().should('contain.text', '$8.00 x 2');\n_cartPage.cartPageObject.mochaTotal().should('contain.text', '$16.00');",
              "err": {},
              "uuid": "8f62392e-4fa5-4937-998a-59be599cf5a4",
              "parentUUID": "9c889e35-f64f-4736-8c78-cd64875a10bc",
              "isHook": false,
              "skipped": false
            },
            {
              "title": "Verify that user can open and close Payment Details",
              "fullTitle": "Buy Coffee Cart Page Verify that user can open and close Payment Details",
              "timedOut": null,
              "duration": 176,
              "state": "passed",
              "speed": "fast",
              "pass": true,
              "fail": false,
              "pending": false,
              "context": null,
              "code": "_cartPage.cartPageObject.clickTotalBar();\n_cartPage.cartPageObject.clickCloseButton();",
              "err": {},
              "uuid": "c5573141-ca4e-4f67-85d1-b045d58844a5",
              "parentUUID": "9c889e35-f64f-4736-8c78-cd64875a10bc",
              "isHook": false,
              "skipped": false
            },
            {
              "title": "Verify that user can fill payment details",
              "fullTitle": "Buy Coffee Cart Page Verify that user can fill payment details",
              "timedOut": null,
              "duration": 875,
              "state": "passed",
              "speed": "fast",
              "pass": true,
              "fail": false,
              "pending": false,
              "context": null,
              "code": "_cartPage.cartPageObject.clickTotalBar();\n_cartPage.cartPageObject.enterName(\"Coffee Enjoyer\");\n_cartPage.cartPageObject.enterEmail(\"coffee@enjoyer.com\");\n_cartPage.cartPageObject.clickReceiveOrderUpdatesCheckbox();",
              "err": {},
              "uuid": "43fa0b40-05ba-4952-a49c-581af3f483a7",
              "parentUUID": "9c889e35-f64f-4736-8c78-cd64875a10bc",
              "isHook": false,
              "skipped": false
            },
            {
              "title": "Verify that user can submit and purchase Coffee Successfully",
              "fullTitle": "Buy Coffee Cart Page Verify that user can submit and purchase Coffee Successfully",
              "timedOut": null,
              "duration": 1314,
              "state": "passed",
              "speed": "fast",
              "pass": true,
              "fail": false,
              "pending": false,
              "context": null,
              "code": "_cartPage.cartPageObject.clickSubmitButton();\n_cartPage.cartPageObject.purchaseSuccessfulBanner().should('be.visible');",
              "err": {},
              "uuid": "7d50b52e-e920-413c-9aa7-40a62e40b3a9",
              "parentUUID": "9c889e35-f64f-4736-8c78-cd64875a10bc",
              "isHook": false,
              "skipped": false
            }
          ],
          "suites": [],
          "passes": [
            "4f35b060-49c2-4712-a833-86586ef0c355",
            "47664e8c-5ed3-4da5-96cc-f17ee846d6cf",
            "f7d9d39c-b461-44f8-b94b-f68323c12f70",
            "2c5c720f-70d9-4cd5-8e40-790d7252c000",
            "88474ea9-d69c-4b7f-ae6a-21d2e386d095",
            "4935e7c1-0f2f-415c-b228-5f1021bb9db6",
            "6d6f8948-07fc-4585-b9e7-fccc676bf98f",
            "00d00427-ac71-49f0-97bc-e4a36ab02a50",
            "0eb6d299-cb39-4aca-a76e-82e02a3e9b3e",
            "7ccdd77c-d3ce-4e39-9885-68fc6523991c",
            "8f62392e-4fa5-4937-998a-59be599cf5a4",
            "c5573141-ca4e-4f67-85d1-b045d58844a5",
            "43fa0b40-05ba-4952-a49c-581af3f483a7",
            "7d50b52e-e920-413c-9aa7-40a62e40b3a9"
          ],
          "failures": [],
          "pending": [],
          "skipped": [],
          "duration": 6428,
          "root": false,
          "rootEmpty": false,
          "_timeout": 2000
        }
      ],
      "passes": [],
      "failures": [],
      "pending": [],
      "skipped": [],
      "duration": 0,
      "root": true,
      "rootEmpty": true,
      "_timeout": 2000
    }
  ],
  "meta": {
    "mocha": {
      "version": "7.2.0"
    },
    "mochawesome": {
      "options": {
        "quiet": false,
        "reportFilename": "mochawesome",
        "saveHtml": false,
        "saveJson": true,
        "consoleReporter": "spec",
        "useInlineDiffs": false,
        "code": true
      },
      "version": "7.1.4"
    },
    "marge": {
      "options": {
        "reportDir": "cypress/reports",
        "overwrite": false,
        "html": false,
        "json": true
      },
      "version": "6.3.2"
    }
  }
}