{
  "stats": {
    "suites": 1,
    "tests": 4,
    "passes": 4,
    "pending": 0,
    "failures": 0,
    "start": "2025-10-01T11:45:05.711Z",
    "end": "2025-10-01T11:45:07.289Z",
    "duration": 1578,
    "testsRegistered": 4,
    "passPercent": 100,
    "pendingPercent": 0,
    "other": 0,
    "hasOther": false,
    "skipped": 0,
    "hasSkipped": false
  },
  "results": [
    {
      "uuid": "3e5090ce-f946-42a3-8c6a-ca6b7d78f85b",
      "title": "",
      "fullFile": "cypress\\e2e\\specs\\gimmickFeatures.cy.js",
      "file": "cypress\\e2e\\specs\\gimmickFeatures.cy.js",
      "beforeHooks": [],
      "afterHooks": [],
      "tests": [],
      "suites": [
        {
          "uuid": "3479a2c6-15ef-49f8-8c36-38734d046aa7",
          "title": "Double Click to convert name and Right Click to Add to Cart",
          "fullFile": "",
          "file": "",
          "beforeHooks": [],
          "afterHooks": [],
          "tests": [
            {
              "title": "Verify that user can double click Coffee to convert name to Chinese",
              "fullTitle": "Double Click to convert name and Right Click to Add to Cart Verify that user can double click Coffee to convert name to Chinese",
              "timedOut": null,
              "duration": 866,
              "state": "passed",
              "speed": "fast",
              "pass": true,
              "fail": false,
              "pending": false,
              "context": null,
              "code": "_productPage.productPageObject.espressoCoffeeName().should('contain.text', 'Espresso');\n_productPage.productPageObject.doubleClickEspresso();\n_productPage.productPageObject.espressoCoffeeName().should('contain.text', '特浓咖啡');",
              "err": {},
              "uuid": "26c29230-aec8-48e7-8228-babc026f4ad7",
              "parentUUID": "3479a2c6-15ef-49f8-8c36-38734d046aa7",
              "isHook": false,
              "skipped": false
            },
            {
              "title": "Verify that user can double click Coffee to convert name back to English",
              "fullTitle": "Double Click to convert name and Right Click to Add to Cart Verify that user can double click Coffee to convert name back to English",
              "timedOut": null,
              "duration": 94,
              "state": "passed",
              "speed": "fast",
              "pass": true,
              "fail": false,
              "pending": false,
              "context": null,
              "code": "_productPage.productPageObject.doubleClickEspresso();\n_productPage.productPageObject.espressoCoffeeName().should('contain.text', 'Espresso');",
              "err": {},
              "uuid": "afbb162f-6666-40fa-93bb-0460e7e14cfe",
              "parentUUID": "3479a2c6-15ef-49f8-8c36-38734d046aa7",
              "isHook": false,
              "skipped": false
            },
            {
              "title": "Verify that user can right click and click no to add to cart",
              "fullTitle": "Double Click to convert name and Right Click to Add to Cart Verify that user can right click and click no to add to cart",
              "timedOut": null,
              "duration": 326,
              "state": "passed",
              "speed": "fast",
              "pass": true,
              "fail": false,
              "pending": false,
              "context": null,
              "code": "_productPage.productPageObject.clickCafeLatteCoffee();\n_productPage.productPageObject.rightClickEspresso();\n_productPage.productPageObject.clickNoAddToCart();\n_productPage.productPageObject.hoverTotalBar();\n_productPage.productPageObject.cartItems().should('not.contain.text', 'Espresso x 1+-');",
              "err": {},
              "uuid": "a0f5fcbe-f7c4-4962-a2af-800df645ccc4",
              "parentUUID": "3479a2c6-15ef-49f8-8c36-38734d046aa7",
              "isHook": false,
              "skipped": false
            },
            {
              "title": "Verify that user can right click and click yes to add to cart",
              "fullTitle": "Double Click to convert name and Right Click to Add to Cart Verify that user can right click and click yes to add to cart",
              "timedOut": null,
              "duration": 205,
              "state": "passed",
              "speed": "fast",
              "pass": true,
              "fail": false,
              "pending": false,
              "context": null,
              "code": "_productPage.productPageObject.rightClickFlatWhite();\n_productPage.productPageObject.clickYesAddToCart();\n_productPage.productPageObject.hoverTotalBar();\n_productPage.productPageObject.cartItems().should('contain.text', 'Flat White x 1+-');",
              "err": {},
              "uuid": "5ecd72f5-bf12-4f31-b9db-fcf3cd1c8da2",
              "parentUUID": "3479a2c6-15ef-49f8-8c36-38734d046aa7",
              "isHook": false,
              "skipped": false
            }
          ],
          "suites": [],
          "passes": [
            "26c29230-aec8-48e7-8228-babc026f4ad7",
            "afbb162f-6666-40fa-93bb-0460e7e14cfe",
            "a0f5fcbe-f7c4-4962-a2af-800df645ccc4",
            "5ecd72f5-bf12-4f31-b9db-fcf3cd1c8da2"
          ],
          "failures": [],
          "pending": [],
          "skipped": [],
          "duration": 1491,
          "root": false,
          "rootEmpty": false,
          "_timeout": 2000
        }
      ],
      "passes": [],
      "failures": [],
      "pending": [],
      "skipped": [],
      "duration": 0,
      "root": true,
      "rootEmpty": true,
      "_timeout": 2000
    }
  ],
  "meta": {
    "mocha": {
      "version": "7.2.0"
    },
    "mochawesome": {
      "options": {
        "quiet": false,
        "reportFilename": "mochawesome",
        "saveHtml": false,
        "saveJson": true,
        "consoleReporter": "spec",
        "useInlineDiffs": false,
        "code": true
      },
      "version": "7.1.4"
    },
    "marge": {
      "options": {
        "reportDir": "cypress/reports",
        "overwrite": false,
        "html": false,
        "json": true
      },
      "version": "6.3.0"
    }
  }
}