{
  "stats": {
    "suites": 1,
    "tests": 10,
    "passes": 10,
    "pending": 0,
    "failures": 0,
    "start": "2025-12-27T15:13:05.934Z",
    "end": "2025-12-27T15:13:09.356Z",
    "duration": 3422,
    "testsRegistered": 10,
    "passPercent": 100,
    "pendingPercent": 0,
    "other": 0,
    "hasOther": false,
    "skipped": 0,
    "hasSkipped": false
  },
  "results": [
    {
      "uuid": "62516f10-4c33-44d3-9569-7366d96a4bf0",
      "title": "",
      "fullFile": "cypress\\e2e\\specs\\extraMochafor$4.cy.js",
      "file": "cypress\\e2e\\specs\\extraMochafor$4.cy.js",
      "beforeHooks": [],
      "afterHooks": [],
      "tests": [],
      "suites": [
        {
          "uuid": "d08ebc6a-fe4f-494e-a5d7-c84509508d46",
          "title": "Get the Extra Mocha Coffee for $4",
          "fullFile": "",
          "file": "",
          "beforeHooks": [],
          "afterHooks": [],
          "tests": [
            {
              "title": "Verify that there is no total before items have been added to cart",
              "fullTitle": "Get the Extra Mocha Coffee for $4 Verify that there is no total before items have been added to cart",
              "timedOut": null,
              "duration": 1571,
              "state": "passed",
              "speed": "fast",
              "pass": true,
              "fail": false,
              "pending": false,
              "context": null,
              "code": "_productPage.productPageObject.hoverTotalBar();\n_productPage.productPageObject.cartItems().should('not.exist');",
              "err": {},
              "uuid": "f32d8005-b3ed-450b-a520-ee636467e59d",
              "parentUUID": "d08ebc6a-fe4f-494e-a5d7-c84509508d46",
              "isHook": false,
              "skipped": false
            },
            {
              "title": "Verify that user can click Espresso Macchiato Coffee",
              "fullTitle": "Get the Extra Mocha Coffee for $4 Verify that user can click Espresso Macchiato Coffee",
              "timedOut": null,
              "duration": 232,
              "state": "passed",
              "speed": "fast",
              "pass": true,
              "fail": false,
              "pending": false,
              "context": null,
              "code": "_productPage.productPageObject.clickEspressoMacchiatoCoffee();\n_productPage.productPageObject.hoverTotalBar();\n_productPage.productPageObject.cartItems().should('contain.text', 'Espresso Macchiato x 1+-');",
              "err": {},
              "uuid": "f7f68cce-284a-41ea-bc67-93c0d71efa7c",
              "parentUUID": "d08ebc6a-fe4f-494e-a5d7-c84509508d46",
              "isHook": false,
              "skipped": false
            },
            {
              "title": "Verify that user can click Americano Coffee",
              "fullTitle": "Get the Extra Mocha Coffee for $4 Verify that user can click Americano Coffee",
              "timedOut": null,
              "duration": 121,
              "state": "passed",
              "speed": "fast",
              "pass": true,
              "fail": false,
              "pending": false,
              "context": null,
              "code": "_productPage.productPageObject.clickAmericanoCoffee();\n_productPage.productPageObject.hoverTotalBar();\n_productPage.productPageObject.cartItems().should('contain.text', 'Americano x 1+-');",
              "err": {},
              "uuid": "1337e89a-54ad-4a5f-9b9a-decd92a2e472",
              "parentUUID": "d08ebc6a-fe4f-494e-a5d7-c84509508d46",
              "isHook": false,
              "skipped": false
            },
            {
              "title": "Verify that user can click Cafe Latte Coffee",
              "fullTitle": "Get the Extra Mocha Coffee for $4 Verify that user can click Cafe Latte Coffee",
              "timedOut": null,
              "duration": 126,
              "state": "passed",
              "speed": "fast",
              "pass": true,
              "fail": false,
              "pending": false,
              "context": null,
              "code": "_productPage.productPageObject.clickCafeLatteCoffee();\n_productPage.productPageObject.hoverTotalBar();\n_productPage.productPageObject.cartItems().should('contain.text', 'Cafe Latte x 1+-');",
              "err": {},
              "uuid": "cd7ab877-14c0-4c24-bac7-7ea0a355906c",
              "parentUUID": "d08ebc6a-fe4f-494e-a5d7-c84509508d46",
              "isHook": false,
              "skipped": false
            },
            {
              "title": "Verify that Cart and Total Info is correct",
              "fullTitle": "Get the Extra Mocha Coffee for $4 Verify that Cart and Total Info is correct",
              "timedOut": null,
              "duration": 22,
              "state": "passed",
              "speed": "fast",
              "pass": true,
              "fail": false,
              "pending": false,
              "context": null,
              "code": "_navigationControl.navigationControlObject.cartTab().should('contain.text', '3');\n_productPage.productPageObject.totalBar().should('contain.text', '35');",
              "err": {},
              "uuid": "8a9e8d87-aed3-4e84-a5f5-d62a1b28909e",
              "parentUUID": "d08ebc6a-fe4f-494e-a5d7-c84509508d46",
              "isHook": false,
              "skipped": false
            },
            {
              "title": "Verify that user can skip Extra Mocha Promo",
              "fullTitle": "Get the Extra Mocha Coffee for $4 Verify that user can skip Extra Mocha Promo",
              "timedOut": null,
              "duration": 124,
              "state": "passed",
              "speed": "fast",
              "pass": true,
              "fail": false,
              "pending": false,
              "context": null,
              "code": "_productPage.productPageObject.clickNahDiscountedMocha();\n_productPage.productPageObject.cartItems().should('not.contain.text', '(Discounted) Mocha x 1+-');",
              "err": {},
              "uuid": "cb76c05f-56ac-4338-871f-0666bca005c5",
              "parentUUID": "d08ebc6a-fe4f-494e-a5d7-c84509508d46",
              "isHook": false,
              "skipped": false
            },
            {
              "title": "Verify that user can add three more Coffees to prompt promo",
              "fullTitle": "Get the Extra Mocha Coffee for $4 Verify that user can add three more Coffees to prompt promo",
              "timedOut": null,
              "duration": 269,
              "state": "passed",
              "speed": "fast",
              "pass": true,
              "fail": false,
              "pending": false,
              "context": null,
              "code": "_productPage.productPageObject.clickEspressoCoffee();\n_productPage.productPageObject.clickFlatWhiteCoffee();\n_productPage.productPageObject.clickCafeBreveCoffee();",
              "err": {},
              "uuid": "99be3f1d-f155-48d8-be7a-e0e2cd94d910",
              "parentUUID": "d08ebc6a-fe4f-494e-a5d7-c84509508d46",
              "isHook": false,
              "skipped": false
            },
            {
              "title": "Verify that Cart and Total Info is correct",
              "fullTitle": "Get the Extra Mocha Coffee for $4 Verify that Cart and Total Info is correct",
              "timedOut": null,
              "duration": 39,
              "state": "passed",
              "speed": "fast",
              "pass": true,
              "fail": false,
              "pending": false,
              "context": null,
              "code": "_navigationControl.navigationControlObject.cartTab().should('contain.text', '6');\n_productPage.productPageObject.totalBar().should('contain.text', '78');",
              "err": {},
              "uuid": "c64c8e84-b55d-46d5-86e7-2bbde1f48f44",
              "parentUUID": "d08ebc6a-fe4f-494e-a5d7-c84509508d46",
              "isHook": false,
              "skipped": false
            },
            {
              "title": "Verify that user can accept Extra Mocha Promo",
              "fullTitle": "Get the Extra Mocha Coffee for $4 Verify that user can accept Extra Mocha Promo",
              "timedOut": null,
              "duration": 743,
              "state": "passed",
              "speed": "fast",
              "pass": true,
              "fail": false,
              "pending": false,
              "context": null,
              "code": "_productPage.productPageObject.clickYesDiscountedMocha();\n_productPage.productPageObject.cartItems().should('contain.text', '(Discounted) Mocha x 1+-');",
              "err": {},
              "uuid": "3cffa064-6fd1-472c-9594-5b7d4e011081",
              "parentUUID": "d08ebc6a-fe4f-494e-a5d7-c84509508d46",
              "isHook": false,
              "skipped": false
            },
            {
              "title": "Verify that Cart and Total Info is correct",
              "fullTitle": "Get the Extra Mocha Coffee for $4 Verify that Cart and Total Info is correct",
              "timedOut": null,
              "duration": 19,
              "state": "passed",
              "speed": "fast",
              "pass": true,
              "fail": false,
              "pending": false,
              "context": null,
              "code": "_navigationControl.navigationControlObject.cartTab().should('contain.text', '7');\n_productPage.productPageObject.totalBar().should('contain.text', '82');",
              "err": {},
              "uuid": "68788117-1428-4449-b4e0-346fe4bd073a",
              "parentUUID": "d08ebc6a-fe4f-494e-a5d7-c84509508d46",
              "isHook": false,
              "skipped": false
            }
          ],
          "suites": [],
          "passes": [
            "f32d8005-b3ed-450b-a520-ee636467e59d",
            "f7f68cce-284a-41ea-bc67-93c0d71efa7c",
            "1337e89a-54ad-4a5f-9b9a-decd92a2e472",
            "cd7ab877-14c0-4c24-bac7-7ea0a355906c",
            "8a9e8d87-aed3-4e84-a5f5-d62a1b28909e",
            "cb76c05f-56ac-4338-871f-0666bca005c5",
            "99be3f1d-f155-48d8-be7a-e0e2cd94d910",
            "c64c8e84-b55d-46d5-86e7-2bbde1f48f44",
            "3cffa064-6fd1-472c-9594-5b7d4e011081",
            "68788117-1428-4449-b4e0-346fe4bd073a"
          ],
          "failures": [],
          "pending": [],
          "skipped": [],
          "duration": 3266,
          "root": false,
          "rootEmpty": false,
          "_timeout": 2000
        }
      ],
      "passes": [],
      "failures": [],
      "pending": [],
      "skipped": [],
      "duration": 0,
      "root": true,
      "rootEmpty": true,
      "_timeout": 2000
    }
  ],
  "meta": {
    "mocha": {
      "version": "7.2.0"
    },
    "mochawesome": {
      "options": {
        "quiet": false,
        "reportFilename": "mochawesome",
        "saveHtml": false,
        "saveJson": true,
        "consoleReporter": "spec",
        "useInlineDiffs": false,
        "code": true
      },
      "version": "7.1.4"
    },
    "marge": {
      "options": {
        "reportDir": "cypress/reports",
        "overwrite": false,
        "html": false,
        "json": true
      },
      "version": "6.3.2"
    }
  }
}