{
  "stats": {
    "suites": 1,
    "tests": 10,
    "passes": 10,
    "pending": 0,
    "failures": 0,
    "start": "2025-10-01T11:45:02.459Z",
    "end": "2025-10-01T11:45:04.553Z",
    "duration": 2094,
    "testsRegistered": 10,
    "passPercent": 100,
    "pendingPercent": 0,
    "other": 0,
    "hasOther": false,
    "skipped": 0,
    "hasSkipped": false
  },
  "results": [
    {
      "uuid": "454f26b3-c41a-41ee-ba3f-ae2008769c12",
      "title": "",
      "fullFile": "cypress\\e2e\\specs\\extraMochafor$4.cy.js",
      "file": "cypress\\e2e\\specs\\extraMochafor$4.cy.js",
      "beforeHooks": [],
      "afterHooks": [],
      "tests": [],
      "suites": [
        {
          "uuid": "d586325a-4766-46b0-b191-19566bb2cb07",
          "title": "Get the Extra Mocha Coffee for $4",
          "fullFile": "",
          "file": "",
          "beforeHooks": [],
          "afterHooks": [],
          "tests": [
            {
              "title": "Verify that there is no total before items have been added to cart",
              "fullTitle": "Get the Extra Mocha Coffee for $4 Verify that there is no total before items have been added to cart",
              "timedOut": null,
              "duration": 631,
              "state": "passed",
              "speed": "fast",
              "pass": true,
              "fail": false,
              "pending": false,
              "context": null,
              "code": "_productPage.productPageObject.hoverTotalBar();\n_productPage.productPageObject.cartItems().should('not.exist');",
              "err": {},
              "uuid": "c7fd3bff-1a7c-4027-a9ad-48924e9fea72",
              "parentUUID": "d586325a-4766-46b0-b191-19566bb2cb07",
              "isHook": false,
              "skipped": false
            },
            {
              "title": "Verify that user can click Espresso Macchiato Coffee",
              "fullTitle": "Get the Extra Mocha Coffee for $4 Verify that user can click Espresso Macchiato Coffee",
              "timedOut": null,
              "duration": 240,
              "state": "passed",
              "speed": "fast",
              "pass": true,
              "fail": false,
              "pending": false,
              "context": null,
              "code": "_productPage.productPageObject.clickEspressoMacchiatoCoffee();\n_productPage.productPageObject.hoverTotalBar();\n_productPage.productPageObject.cartItems().should('contain.text', 'Espresso Macchiato x 1+-');",
              "err": {},
              "uuid": "1bb96e4f-f214-4568-ac76-56a9f3ab06d2",
              "parentUUID": "d586325a-4766-46b0-b191-19566bb2cb07",
              "isHook": false,
              "skipped": false
            },
            {
              "title": "Verify that user can click Americano Coffee",
              "fullTitle": "Get the Extra Mocha Coffee for $4 Verify that user can click Americano Coffee",
              "timedOut": null,
              "duration": 129,
              "state": "passed",
              "speed": "fast",
              "pass": true,
              "fail": false,
              "pending": false,
              "context": null,
              "code": "_productPage.productPageObject.clickAmericanoCoffee();\n_productPage.productPageObject.hoverTotalBar();\n_productPage.productPageObject.cartItems().should('contain.text', 'Americano x 1+-');",
              "err": {},
              "uuid": "bf60de6b-a730-44d9-8797-b5e5c537f06a",
              "parentUUID": "d586325a-4766-46b0-b191-19566bb2cb07",
              "isHook": false,
              "skipped": false
            },
            {
              "title": "Verify that user can click Cafe Latte Coffee",
              "fullTitle": "Get the Extra Mocha Coffee for $4 Verify that user can click Cafe Latte Coffee",
              "timedOut": null,
              "duration": 125,
              "state": "passed",
              "speed": "fast",
              "pass": true,
              "fail": false,
              "pending": false,
              "context": null,
              "code": "_productPage.productPageObject.clickCafeLatteCoffee();\n_productPage.productPageObject.hoverTotalBar();\n_productPage.productPageObject.cartItems().should('contain.text', 'Cafe Latte x 1+-');",
              "err": {},
              "uuid": "08e1a354-c422-4eaf-baf6-ddf6a576b7af",
              "parentUUID": "d586325a-4766-46b0-b191-19566bb2cb07",
              "isHook": false,
              "skipped": false
            },
            {
              "title": "Verify that Cart and Total Info is correct",
              "fullTitle": "Get the Extra Mocha Coffee for $4 Verify that Cart and Total Info is correct",
              "timedOut": null,
              "duration": 37,
              "state": "passed",
              "speed": "fast",
              "pass": true,
              "fail": false,
              "pending": false,
              "context": null,
              "code": "_navigationControl.navigationControlObject.cartTab().should('contain.text', '3');\n_productPage.productPageObject.totalBar().should('contain.text', '35');",
              "err": {},
              "uuid": "2fa853ea-63db-453b-8442-9242fb8ba25e",
              "parentUUID": "d586325a-4766-46b0-b191-19566bb2cb07",
              "isHook": false,
              "skipped": false
            },
            {
              "title": "Verify that user can skip Extra Mocha Promo",
              "fullTitle": "Get the Extra Mocha Coffee for $4 Verify that user can skip Extra Mocha Promo",
              "timedOut": null,
              "duration": 107,
              "state": "passed",
              "speed": "fast",
              "pass": true,
              "fail": false,
              "pending": false,
              "context": null,
              "code": "_productPage.productPageObject.clickNahDiscountedMocha();\n_productPage.productPageObject.cartItems().should('not.contain.text', '(Discounted) Mocha x 1+-');",
              "err": {},
              "uuid": "ee47cdbc-be28-4a60-8a84-87c5838d6cca",
              "parentUUID": "d586325a-4766-46b0-b191-19566bb2cb07",
              "isHook": false,
              "skipped": false
            },
            {
              "title": "Verify that user can add three more Coffees to prompt promo",
              "fullTitle": "Get the Extra Mocha Coffee for $4 Verify that user can add three more Coffees to prompt promo",
              "timedOut": null,
              "duration": 253,
              "state": "passed",
              "speed": "fast",
              "pass": true,
              "fail": false,
              "pending": false,
              "context": null,
              "code": "_productPage.productPageObject.clickEspressoCoffee();\n_productPage.productPageObject.clickFlatWhiteCoffee();\n_productPage.productPageObject.clickCafeBreveCoffee();",
              "err": {},
              "uuid": "beb23160-268c-4672-aed6-9c87f71a048b",
              "parentUUID": "d586325a-4766-46b0-b191-19566bb2cb07",
              "isHook": false,
              "skipped": false
            },
            {
              "title": "Verify that Cart and Total Info is correct",
              "fullTitle": "Get the Extra Mocha Coffee for $4 Verify that Cart and Total Info is correct",
              "timedOut": null,
              "duration": 23,
              "state": "passed",
              "speed": "fast",
              "pass": true,
              "fail": false,
              "pending": false,
              "context": null,
              "code": "_navigationControl.navigationControlObject.cartTab().should('contain.text', '6');\n_productPage.productPageObject.totalBar().should('contain.text', '78');",
              "err": {},
              "uuid": "522ee258-7190-4177-9cc9-06ae4f965ec1",
              "parentUUID": "d586325a-4766-46b0-b191-19566bb2cb07",
              "isHook": false,
              "skipped": false
            },
            {
              "title": "Verify that user can accept Extra Mocha Promo",
              "fullTitle": "Get the Extra Mocha Coffee for $4 Verify that user can accept Extra Mocha Promo",
              "timedOut": null,
              "duration": 428,
              "state": "passed",
              "speed": "fast",
              "pass": true,
              "fail": false,
              "pending": false,
              "context": null,
              "code": "_productPage.productPageObject.clickYesDiscountedMocha();\n_productPage.productPageObject.cartItems().should('contain.text', '(Discounted) Mocha x 1+-');",
              "err": {},
              "uuid": "ab07a38e-25e0-4a0c-8054-ee919afeaac4",
              "parentUUID": "d586325a-4766-46b0-b191-19566bb2cb07",
              "isHook": false,
              "skipped": false
            },
            {
              "title": "Verify that Cart and Total Info is correct",
              "fullTitle": "Get the Extra Mocha Coffee for $4 Verify that Cart and Total Info is correct",
              "timedOut": null,
              "duration": 15,
              "state": "passed",
              "speed": "fast",
              "pass": true,
              "fail": false,
              "pending": false,
              "context": null,
              "code": "_navigationControl.navigationControlObject.cartTab().should('contain.text', '7');\n_productPage.productPageObject.totalBar().should('contain.text', '82');",
              "err": {},
              "uuid": "3c127a83-1c27-4b63-8b0f-72503ad8f58b",
              "parentUUID": "d586325a-4766-46b0-b191-19566bb2cb07",
              "isHook": false,
              "skipped": false
            }
          ],
          "suites": [],
          "passes": [
            "c7fd3bff-1a7c-4027-a9ad-48924e9fea72",
            "1bb96e4f-f214-4568-ac76-56a9f3ab06d2",
            "bf60de6b-a730-44d9-8797-b5e5c537f06a",
            "08e1a354-c422-4eaf-baf6-ddf6a576b7af",
            "2fa853ea-63db-453b-8442-9242fb8ba25e",
            "ee47cdbc-be28-4a60-8a84-87c5838d6cca",
            "beb23160-268c-4672-aed6-9c87f71a048b",
            "522ee258-7190-4177-9cc9-06ae4f965ec1",
            "ab07a38e-25e0-4a0c-8054-ee919afeaac4",
            "3c127a83-1c27-4b63-8b0f-72503ad8f58b"
          ],
          "failures": [],
          "pending": [],
          "skipped": [],
          "duration": 1988,
          "root": false,
          "rootEmpty": false,
          "_timeout": 2000
        }
      ],
      "passes": [],
      "failures": [],
      "pending": [],
      "skipped": [],
      "duration": 0,
      "root": true,
      "rootEmpty": true,
      "_timeout": 2000
    }
  ],
  "meta": {
    "mocha": {
      "version": "7.2.0"
    },
    "mochawesome": {
      "options": {
        "quiet": false,
        "reportFilename": "mochawesome",
        "saveHtml": false,
        "saveJson": true,
        "consoleReporter": "spec",
        "useInlineDiffs": false,
        "code": true
      },
      "version": "7.1.4"
    },
    "marge": {
      "options": {
        "reportDir": "cypress/reports",
        "overwrite": false,
        "html": false,
        "json": true
      },
      "version": "6.3.0"
    }
  }
}